Checking installation of required packages [SUCCESS]
Looking for core implementation library in /root/workspace/frvt-1.5/11/lib.[SUCCESS] Found core implementation library /root/workspace/frvt-1.5/11/lib/libfrvt_11_aigen_001.so.
Attempting to compile and link /root/workspace/frvt-1.5/11/lib/libfrvt_11_aigen_001.so against test harness.
Scanning dependencies of target validate11
[ 33%] Building CXX object src/testdriver/CMakeFiles/validate11.dir/root/workspace/frvt-1.5/common/src/util/util.cpp.o
[ 66%] Building CXX object src/testdriver/CMakeFiles/validate11.dir/validate11.cpp.o
[100%] Linking CXX executable ../../../bin/validate11
[100%] Built target validate11
[SUCCESS] Built executable in /root/workspace/frvt-1.5/11/bin.
------------------------------
 Running 1:1 validation
------------------------------
Checking for hard-coded config directory 3116822294
2707382452
2586917748
2506686514
2480437856
2490764828
2495476624
2538647205
2424712909
2485499015
[SUCCESS]
Creating Enrollment Templates (Single Process) 3099312522
2878605207
2672234139
2383257214
2353714296
2341449095
2337546998
2325868647
2328688060
2363626000
2360319231
2366136341
2348345149
1993423751
1548049533
1506368575
1940775082
1949269873
2527892153
1758288678
1952060269
1506315517
2343609662
2473006862
2450981626
2439596736
4520105124
3273623199
1943763600
2331855149
2292257102
2325656996
2307794998
2309403398
2397350590
2010050391
2005811692
2010610825
2016664280
1969052395
1927398887
1928718412
2315754157
1496579407
2298241914
1516118421
2297892806
2279871783
2320659411
2324690700
2280912361
1959632360
1928627294
1935351199
1956650108
1924537826
1914774043
1489936425
1915384837
1909339549
2287943245
2275007245
2264238761
2267417360
2230753785
4109592398
4148274346
1917483624
4181429817
2282364931
4142550594
2310384704
2245747095
2228839460
1475796759
1906806456
1875014134
1866789706
1906710444
2251150845
2238103985
4158716281
2269447675
1879024316
2219827000
2214497161
4121290516
1446286034
1856062659
2225300761
1442414714
4115656416
1911323244
2254925148
2240592538
2258876856
2235524030
2260320233
1878731188
4158218139
2261052264
2256766572
2222400214
2213156006
1918717510
1919956393
2254611283
1460538946
1919449254
2221970381
1454850091
1889509698
1458297139
2232641406
4194355427
6357774790
2248493596
2320379298
6319064505
1577522482
2370306304
4087645993
1892498897
1913230268
2234602028
2281865973
2282110977
2272398655
1914741726
4055725595
2269096028
1923099970
2282983503
2271500250
2267037397
1493813077
4124503297
1488509677
1923061190
2285267280
2266994535
1520248963
2320639174
2318839659
4126939299
6509133808
2021714804
2466458121
1578722370
2451588576
4334242622
2394397256
4168105603
4181900691
2350680092
2384817672
2311456170
2364412392
2326492942
1526359483
4200640164
2359551888
2395226114
1958635604
1962085478
2330801651
20570535448
1511930364
6184751174
1932798778
1521348242
1494519835
2303941779
2298097375
1942850111
1945886176
2310554571
2285191272
1960869744
1945353154
1953345766
1940307689
2313330905
2337061905
2305812365
4012639166
2344530279
2457178771
2473462187
4171108664
1495649898
1988909624
2392917628
4158210732
2034250259
4020649225
2283543048
2276683729
2269087774
2298042823
2296618292
2276935911
2329499322
2300306967
1917679512
2267431098
2387774846
4080401265
3991307943
1930678085
1948024366
2337932867
4016659279
4012859993
1958860617
1942044758
3983574931
1475590319
1500166054
2318118857
1949462708
1908423305
1903972649
2290598043
2298155231
2380543124
2410755067
2408893470
2042085573
2028988894
2409837098
4229688569
2417950377
2387644619
2436640247
2486272913
2056969494
2438395395
1620518444
1599820451
1611440122
2523393614
4165726736
2038801103
1567486121
6368701569
4152514110
2400665988
4103824395
2276930357
2416187193
2398131390
4125185863
2293422637
1489881626
2285898425
2280103649
2281095882
2302394353
2304228138
2284035690
2274355782
3952394078
3937747426
3961524289
3932587560
2241332423
2249500280
2346904127
4101666660
3973886088
2272148797
1496819017
3966034553
2309236260
2266162795
2245117997
2268876949
2332888980
1885597179
1917914309
1935288442
1465761225
1903317776
1898914568
6025142788
3963677717
2245389592
2301850118
2256293574
2221191439
2245023297
1452013906
2215455880
3887097525
3923438458
2266978349
2259662017
2264224492
2271280646
1897790419
2321218470
1924462152
3921704321
1901646655
3920930565
3880121679
2270501657
1464734142
3894378032
2267902888
2248050511
3869910153
1449174665
1897089901
1874117724
2239257946
2236111703
1892728365
2275564677
1921586946
1909332267
1942288384
2256766050
2247361914
2270974740
2253268032
2250953536
2297073928
2308214967
2338753518
2252709721
2307681291
1970928505
1511736306
2248133286
1520176122
1466584256
2328519522
1900258509
2274977161
2248213026
3963683552
2282153510
2297278243
2243059053
2326048502
2309158968
1940653372
1881862708
2327080390
2308202977
2282758037
2316840574
2269021698
2259672421
2290975304
2301976397
2306078571
2305076578
2276897552
2302719427
1914553094
2297968553
1917097517
1895568109
1903044340
1926521815
2280592036
2296876659
2288220031
2271431160
2309391256
2255025959
1939336988
2287752098
2327180591
2271537103
4149015381
2398279667
2422069053
2410617096
2354254799
2328960359
2318371860
2342211945
2293918218
2346123184
2307881583
2322143392
4037396101
2324439500
2282537238
2294134757
2292101821
2329379979
2280742113
3996682482
4078954768
2332564247
2338502781
2314708663
2331737911
2308980827
3939017335
2403040939
2399554740
2382373598
2400446031
2349641632
2299947632
2278952578
2254330373
2282069255
2267727279
2273144182
2273424252
2263306250
2279760399
2246652158
2263548440
2278212726
2305207446
2405411881
2011138931
2390375767
2343174853
2288047317
2324425551
2273281310
2305086771
2290279388
2330262323
2342839708
2334739566
2405120012
2400215644
2385213506
2399996845
2364625733
2307992845
2264314964
2261030598
2317131181
2400485595
2401076436
2399857121
2387413162
2374655871
2338459586
2335710503
2338762248
2282580806
2319610244
2268439990
1930541482
1935291347
1950654309
2333632982
2289652674
2329999233
2338499790
2295494806
2264806550
2323628292
2299676529
2295991794
1946019696
2254203210
2261256461
2287363082
2306739660
3962539948
2246826526
2338822911
2296986499
2344062810
1955858240
1948349533
2297422800
2315497134
2363553768
2310718619
2371627322
2410246044
2407561984
2385592098
2268982250
2302415495
2274253389
2320173037
2326377059
2346936450
2311545085
3942538473
2296904279
2302029066
2289862589
1507268046
4295159305
4204870157
4144110097
4144647496
2344560386
2403208082
2467392161
2411322017
2423493627
2415747798
2339334363
4034486424
1495649569
2336855790
2399612363
2404979689
1567687529
1568294670
2409141987
2444568920
2385512804
1567131409
3908811207
3251710360
4759736961
2534673626
2436071381
2417073740
2397779022
2373414731
2321460672
2313209480
2298084765
2327013423
2433186155
2369615804
2387035027
2404219494
2301639875
2281977022
2240493886
2276681496
2290343433
2249452509
2274575250
4080519542
2370689174
1542744706
2437999597
2376226543
2379953955
1473139169
4116882868
2257858246
2361160237
2421700401
2285057415
2340158888
1492708039
4115185251
4096564166
4290051177
1615540111
4340302827
2486650650
2399898679
2403315803
2466221352
4358032601
4288295029
2410827104
2491086706
2491538150
4438545153
2436601466
2554307220
2460736113
1607420510
1587608551
2563888473
2518996499
1582161298
2503503543
2492248560
2027299318
2395641292
2399295919
2395453725
2456308908
2460919786
2473731520
1615662729
2434935332
1639277120
2451643968
2296973095
2286108728
2282179323
2407648867
2426658122
1551164494
2434290217
2390541711
4297496563
4442259082
2395853190
2453859811
4244585247
3378736626
3599730104
1573361353
2460894844
2440235311
2464836309
2507865478
2429707982
2463936382
2475272519
2058497247
2406219111
1549615990
4221708870
4302440384
4443282301
2444606029
2504014656
1826840183
2456827617
2447048645
2433264251
2389663766
2379750853
3005096179
4265370979
4508877965
2035709961
2457438090
2540594685
2498970897
2186996299
2442081780
2380640770
2385919433
4226990819
2364275271
2333743087
4321465584
2430076347
2528839182
31665605909
4187473027
2439938814
4223570437
4261180286
2807010298
3005550646
1974694324
67757328298
2191645401
2490411840
2572653238
2855044683
2651524864
1372196394
[SUCCESS]
[1m[WARNING] We've detected that your software may be threading or using other multiprocessing techniques during template creation.  The number of threads detected was 8 and it should be 2.  Per the API document, implementations must run single-threaded.  In the test environment, there is no advantage to threading, because NIST will distribute workload across multiple blades and multiple processes.  We highly recommend that you fix this issue prior to submission.(B[m
Creating Enrollment Templates (Multiple Processes) 2124869531
3150442802
3195882490
2297488507
2721129083
2040458395
5518011541
2572600913
2828493427
2482666865
1621755326
4991015269
2543244730
1600451330
2519512109
2463151647
4772157102
2076042712
2521886801
2484183393
2506879448
21123576548
4815608138
1633135077
2481258762
2514909138
2626197100
2547059165
2502587895
4691502036
2515243439
2503618962
7362550388
2465800913
2519376568
2150023019
2485213509
2453201485
2508412869
1625732282
2467980586
2451040049
1633295760
2091741005
1589736707
2450575775
2414623190
2491763953
1577137886
2469631269
2401734508
2469098350
2054627358
2077583827
2089257571
2054541443
2032814694
4633893851
2081847915
2666931888
1594340232
2403290733
2453656263
1833576907
2511528744
2431982100
2066469288
2483453995
2477826080
1596328822
2478021603
2095280313
2492261019
2498590545
2103523343
2444740136
1590059531
2099120463
2472407122
2438485196
1584306010
2081860334
2498634284
2451255847
2498869455
2479098277
2491818422
2425469357
2454292363
2494507275
2431107279
2467882408
2478776241
1543235352
4704068632
2435212800
2457677962
3499903027
4547837512
4359431044
2475321056
2084298838
2514958047
3305133954
2443086833
2493370497
2506998187
2096384366
2493934804
2552966163
2483033694
4859216113
2479021306
2115715963
2516447546
2514257651
2109111196
4686685128
2375276278
2534107507
1679187745
2119233618
2391303826
2171446730
2519557874
2102565402
2388895920
2115016191
2562289462
2508574381
2415686890
2056461624
2440429478
2059667067
2463840827
4576385223
2461503079
2105517684
2439138079
2123443764
2471895948
2065748871
2437831058
2441550794
2048469299
4542995858
2422061688
2070874790
2456791789
2516874884
2449083415
2062586247
2440780663
2437694477
2494543376
1591216765
2435314121
2433569051
2503635123
2472263949
2454034892
1599724391
2470353303
2516606017
2463992662
2474376404
2458970541
2520440857
2452780331
2427832785
2490410922
4528971097
2440682244
2426707577
2484040902
2441353668
2435850751
2453130167
2487203378
2439487658
2465405152
2421949276
2115689586
2446877359
2058243090
2408720784
2484416092
2441236261
2046370955
2403926685
2506004060
2460537259
2074895764
2072163010
2483366204
4318432569
2052950147
4612128773
2446570383
2438235542
2079693574
2451935430
1568699887
1588340147
4598540708
2473521490
2080923483
2388180121
2097409694
2067227893
2454572652
2480430189
2102284021
2459914903
2459003955
2455145883
2511886774
1588970150
2447185272
4496252733
2453003278
4581240102
4297989694
2507315115
2484683380
2447705575
2507705085
2472674210
4608052714
2443580494
2420226348
2061624421
2412303824
2074143868
4692791426
2409758670
2418790931
2455131491
2440522765
4564256849
4625637466
2462503546
1588758662
1646677512
2108937116
1628886646
4538568206
4320139540
2499743707
4565776402
2126176777
2467139733
4533503052
4328793952
2104315709
2074394728
2435296798
4496989106
4256428906
2403412958
2456578565
1568581801
2452786717
2399653268
2445442271
2390918123
2393146560
2440384114
4232688875
2384618204
2386722136
2440594529
2396452755
1559515363
2448778202
2010733362
2364260229
4445151379
2045964584
2010146531
2339167974
2067941947
2398646396
2011830541
2384965554
2075085106
2476273565
2446178544
2396057253
2398902651
4261470042
4511327610
2417693724
2417243406
2465540793
4189823427
2414154542
4490282963
2397883547
2456037621
2405780577
2432116100
2387526021
2460455497
2411305384
2038435597
2400114837
2447064019
2402050391
2399529100
2053770602
2381139669
4197266376
2386083389
2442745131
2395770344
1601262278
2378438968
2394463625
1610810500
4469624103
2378802042
1596106431
2406092526
1562334709
2390421704
2601387495
2046258812
2424581811
1554698684
1567764237
2423011942
2440464621
1565229453
4532147330
2451391952
2394919731
2066871866
2416396923
2419242331
1604102408
4441680026
1543066243
2391015596
2051561246
2441732109
2418561100
2418436202
2409985815
2394088477
6932933008
2408435451
2004826719
2018299797
2404771590
2382259771
2390968923
4371332713
2385991108
2372438050
2424364907
2506817048
2436169286
2416418919
2404500775
2008208953
2379469291
2377855715
4332488142
2373022789
2388962114
2442571505
4416022583
2372819840
2389940384
2441701192
1570579651
2427885774
2432541890
2482931827
2364916716
2442589769
1628322381
2403619725
2407758946
2395174484
4366344829
2419009191
2402197904
2400468658
2448503878
2401393334
2018109401
1608313203
2434807161
2039037226
2408834792
2448384253
2360218391
2400838459
2403254156
1551749574
2428840217
2394267323
2414894730
2041831452
2470892563
2410539227
2399117445
2388479226
1592055181
2427384328
2387717886
1559750766
2395472379
2434117996
2010227190
2396875789
2369218209
1576053404
2429269908
2396667412
2400445220
2447714742
2380369514
4244600457
2426108271
4458494978
4381818289
2384924816
4281349873
2399961667
2405661317
4341394944
2414796552
2450483782
6945573733
2394673731
4348374739
2396820436
4351559324
2406548182
2513121503
4398455290
2431651746
3424374148
2491909162
2443939813
3749117728
2473488491
2423960334
6755006783
1558066813
1585173630
2422982472
2452943074
2389430342
2421335952
2419519975
2411065041
4386703841
2418785968
2377081661
4295696527
2010252463
2391638246
2047537248
4361080042
2024252707
2017482842
2386615733
2028685493
2475392290
2416754051
1597301583
2388456090
2434967969
2437842198
2408101406
2430297901
4436295176
2058816515
2430633986
2440234984
2473504574
2421289413
2426655898
2422647714
1562071637
2047120011
2465620347
2390239234
2433694309
2387472386
4279628059
4255824603
2454917844
2419986091
2428337210
2464383341
4342921237
2399487170
2011274871
2034643840
2389669044
2405509030
2082717583
4332932342
2039965276
2404128294
2054699172
2439825582
2391841118
1590431506
2402963621
2392037519
2063326027
2396591537
1566367853
1813650266
2050277681
2402265121
2429058313
4311102145
2427527186
1560517990
2405882954
2000253277
6811063689
2427971299
4404832487
2397079316
2386102388
2413755102
2382550099
4374551140
2378289052
2388136350
1560812551
2414157038
2375510550
2974913043
2370393560
2429629930
2386244656
2381469755
2430109289
2013106247
4292037590
1998101433
2434438119
4263801100
2380767283
2427026866
4588327306
1591330552
2019819924
2401556281
2436514072
6601774832
2396447454
2381876902
2021481219
2485035329
2391831877
4330405709
2389494312
2394940768
2478088964
1576430728
2159062122
2403629229
4353477161
2401368987
2398317240
2393015241
2436469083
2375222839
2402502450
4292426736
2463051452
2379356123
2414163387
2392166344
2433900016
2380853748
2444681491
4245301011
2414834381
4293216661
2074395921
2386504296
2434919604
2467265131
2389865683
4316933897
2380384918
2044209583
2379107285
2390259443
4278966091
2414743949
4347084163
2405671937
2389634232
2402377856
2057753531
2456067734
2422592304
4451228356
4371517384
2400800048
2413228155
1560124619
2412327177
4370943656
2424759865
4278839274
2399396158
1565728034
2351461035
2305232477
4182179663
1933510958
1983953737
2401777261
2315029935
2365192589
4109037098
1514014647
1963497420
29465951720
1953407794
2304888435
4046867714
2290490129
2423928028
1964099750
2324197083
4037245126
1943348720
1969801678
4046247572
1983280771
2478645054
2320620833
2474208212
2354147936
1753097891
2333189191
2317692821
2313035908
2308939845
2308600282
2297708209
2314557729
59335108155
2019813812
2392248808
2482430383
2726736168
2573481443
1357412839
[SUCCESS]
Creating Verification Templates (Multiple Processes) 2211533058
3190062045
3197359492
3186328471
2775124064
2779322495
5021173512
2640799158
2630166470
2617887099
2641528371
4767351245
2155185401
2590775381
2530734417
2621747503
2590790122
1656743888
2504491005
2575166901
2625764135
2589330304
1657349574
4705258605
20766406775
2550964663
2759110034
2548546884
2581849938
2611771041
4654411873
2538355202
1983129404
2544508095
4661506373
7176621520
4279115468
2489714421
2124299452
2449374998
1606555780
4635345668
2385749030
1621597064
2478021947
2366336976
2463819095
2066598043
2123944731
2376990870
2490309615
2125188305
2349909493
2494471433
2090095891
4685188846
2329005859
2107338900
2497650668
2104862658
2361379678
2137422982
2512416129
2139072523
1910290821
2551549804
1709851963
2548497916
2134861996
2124366518
2527574842
2108156248
2503544473
6775859455
2100511027
4595684050
1896695803
2478478516
1662625973
1670262902
2289749200
4479592681
2526949322
2490607570
2248242756
2496295851
2488301007
2497705146
2253636609
2545959794
2537618212
2240042167
2533871366
2543662284
2272679800
4705942222
2539315172
2268317818
4707569858
2503309709
2263873333
4614824169
2507064685
2245441198
4686242617
2095369644
1627152776
2243189004
2488251217
2524144891
1917974256
2526596739
2536110741
1906240530
2489155270
2490169791
2303362895
2539930622
1656666102
4563578972
1930822899
2149346306
1635698852
2530362210
1936265526
2455256490
2803538574
2510388386
1925586531
2456347220
1955803126
2441644126
3435564060
2302575963
2067509552
2457979980
2589716507
2081013781
2309196202
2474687031
2085126872
2481030684
2316506071
4497066629
2067640418
2387203210
2455106688
2458111750
2425297227
2406798780
2437489161
2428754321
2449004711
2335011640
2433761272
2425786590
2041944894
2320804006
2426342764
2081173062
2467608850
2274710531
2499706803
2501336417
2509088518
2259292712
2095146643
2093977843
2493557076
2243646960
2081744536
2277846298
2087077618
2486357207
2475304441
2463843333
4427983466
2443639574
2440209352
2391907704
2462568827
2453824944
11499792244
2478493816
2462204690
2352839265
2424261523
4333787322
2695766927
2474671499
2340729077
2466512481
2709259421
2468875734
2365695269
2444317111
2642022265
2479690653
2077107555
2325561196
2594521754
2462681299
2342084248
2473934925
2446012770
2450546889
2447094354
2046079466
2396238287
4403189451
2410284465
2059144786
2411623074
2432543028
2050209065
4430423197
2422753418
2407442800
2065075570
2071988599
4479186528
4902573478
4358121831
1592875238
2053228220
1601010594
2355937299
2505144617
2059677621
2061819642
2346481983
1594391582
1625678200
4283877473
2331053789
4354865866
2046451829
2309170502
2327888584
2462332560
2067352443
2302976807
2326085628
2458574088
2455193455
2298330822
2073865441
2461088161
4277346847
2308438222
2495851810
2479630652
2312714470
4308602039
2300353410
2459700651
4360248895
2311596220
2476698791
2479433692
4282301074
2290869227
2461358072
2466347523
2306764492
1608896492
2297581092
1619795584
2321525442
2073732283
2303892409
2454780241
2332762437
2456019027
2075362926
1600999260
2350070674
4282917272
2067254299
2447555866
2466571378
2473205200
4401972491
4327497860
2077263872
2475094738
2458139504
4306166924
4278249353
2457863863
1547417186
1621612637
2461180837
2394478484
2445853819
2434651830
2415947995
4384343928
1989631808
2352549447
2434194527
1980609814
2430660637
1536874724
2449468549
2385890208
2429574768
2427561934
1532022277
4292721236
2397858720
2355450449
2298391616
4349999280
2342946496
4471424203
2336875844
1634914408
2523785589
2373876444
2501867443
2449010670
4391431103
4490989298
2425567220
4308917623
2431467149
4414883385
4304718369
2346584697
2430071505
2426913058
1551964621
1959940775
2426243826
2415385360
4170467656
1576161922
2401662507
4382708900
2334460007
4389537577
1611479517
4216609959
2317336780
2471927400
2306516555
2334422718
2460772214
4477367314
2325785771
2355363289
2490616813
2483130138
2299694517
2310062611
1524967694
2465238420
2484558186
2336124385
2308724168
2461061019
2326781289
2387872754
4366552079
2074450835
2346215746
2391271417
2495662093
2470678440
1554461135
2389287012
2054612701
2433529943
2454151282
2427220871
2432865947
2432632642
2031995589
2418627648
2413102241
2432643541
2407710400
2416832329
2417326332
2426861431
2395581306
2394310835
2474354105
2476132290
2322914802
1848106830
2049227759
2306383618
2462599598
2338813954
2057367694
2343657200
2478529656
2351937812
2439668552
2354693636
2378755234
2489226603
4522766691
2353189247
2371799176
2476418640
2344770585
2394770642
2489107005
4513593213
2396243764
2424164574
2410870445
2474951711
2404084803
2453543547
4429821934
2356331711
2360894875
2441429236
2343668792
2363024057
2057053925
4487426419
2296174624
2314743373
1601285793
2454876611
2300907347
2327045915
2474497944
2434732813
2306039357
2321130056
2479912712
2077418102
1536122722
2394289724
1579912434
1548188398
2433627551
1575777075
1593372699
2398986745
2374789991
2394116701
2393495786
4312730408
4430322822
2410756221
1543335790
2355350984
4377648802
2414132334
2337856472
2423385337
4269980576
2339602222
4405052179
2455230355
2331426943
1953112046
2403917055
1523697280
2414921701
2387461652
2395747151
2046198652
2409901734
2440085308
1575461714
2036861129
2359355348
4397599328
2030936448
2429145603
4512856738
2030776310
2075951524
2081042052
4661212895
2395496093
2538322581
1526315880
2502713014
2334633518
1756390322
2300737013
2442514711
2344600312
2091314151
2358532154
2452774182
2343821770
2349374939
2480730382
2401784954
4492392209
2430114139
2046901435
2041360460
2506460651
2464105262
2417862207
2459562998
2473603906
2441894810
2455054399
4204499699
2453046022
4322042268
2483498426
2029516027
2420077643
2416027066
2427953204
4436581220
2378057964
2006888576
2432129372
2389301835
2461602280
2405486891
2444901808
1563779847
2472394749
2408372653
2444817010
2473789404
2401235122
4213981830
2445687179
2478850654
2349248535
2089736232
4159162049
2362344100
4328605817
2488618355
1631741538
2423970469
1671298539
4251226381
2536507799
2431719133
2395199357
2624598254
2402352817
1826094446
4748245695
2022447705
2139228254
1803015280
1644627432
2006085601
2390812612
1600414323
4555641920
2411565721
2411787021
2136174263
2530506704
2413254367
2106998607
2390311242
2533830772
2405695005
2494838324
2341573303
2506972107
2371008701
2343699241
2483834642
2504083129
2354301716
1611535063
2064652858
2338249893
2454034205
4128387521
2076741150
1599768982
2320659958
4281734780
2331009835
4477203080
4311664087
1956547519
2356844988
1644408036
2354363368
2359395130
4565031556
2463352231
2360819695
4341442760
2470251385
2407144002
2342331079
2061894103
2075094357
2056723150
2307421783
4469826881
2378900985
2406250617
2419200866
2365987980
2344825109
4304529974
2381988981
2374618040
2396423357
2441474959
2073365200
4169585825
2493788711
2267867251
4318760808
2465738247
2223403226
2452254989
2484635269
1601648062
2456305955
3935817795
2082756020
2433365262
2260486607
1565392844
2090301786
2485479708
1576756404
2445474622
2075195492
1765747504
2026007229
1988427422
1543049407
2368723076
2364270158
2319257718
2320518766
2346756122
2343416411
28597954502
1531966956
7242362270
2233444026
3767626540
3743575744
[SUCCESS]
Matching Templates (Multiple Processes) [SUCCESS]
Sanity checking validation output [SUCCESS]
Creating submission package [SUCCESS]

#################################################################################################################
A submission package has been generated named libfrvt_11_aigen_001.tar.gz.  

This archive must be properly encrypted and signed before transmission to NIST.
This must be done according to these instructions - https://www.nist.gov/sites/default/files/nist_encryption.pdf
using the LATEST FRVT Ongoing public key linked from -
https://www.nist.gov/itl/iad/image-group/products-and-services/encrypting-softwaredata-transmission-nist.

For example:
      gpg --default-key <ParticipantEmail> --output <filename>.gpg \\
      --encrypt --recipient frvt@nist.gov --sign \\
      libfrvt_11_<organization>_<three-digit submission sequence>.tar.gz

Send the encrypted file and your public key to NIST.  You can
      a) Email the files to frvt@nist.gov if your package is less than 20MB OR
      b) Provide a download link from a generic http webserver (NIST will NOT register or establish any kind of
         membership on the provided website) OR
      c) Mail a CD/DVD to NIST at the address provided in the participation agreement
##################################################################################################################

