Checking installation of required packages [SUCCESS]
Looking for core implementation library in /root/workspace/frvt-1.5/11/lib.[SUCCESS] Found core implementation library /root/workspace/frvt-1.5/11/lib/libfrvt_11_aigen_001.so.
Attempting to compile and link /root/workspace/frvt-1.5/11/lib/libfrvt_11_aigen_001.so against test harness.
Scanning dependencies of target validate11
[ 33%] Building CXX object src/testdriver/CMakeFiles/validate11.dir/root/workspace/frvt-1.5/common/src/util/util.cpp.o
[ 66%] Building CXX object src/testdriver/CMakeFiles/validate11.dir/validate11.cpp.o
[100%] Linking CXX executable ../../../bin/validate11
[100%] Built target validate11
[SUCCESS] Built executable in /root/workspace/frvt-1.5/11/bin.
------------------------------
 Running 1:1 validation
------------------------------
Checking for hard-coded config directory 1690328897
1403442445
1412163105
1379972401
1372288787
1384439449
1377177707
1345142807
1360791973
1367897312
[SUCCESS]
Creating Enrollment Templates (Single Process) 1760219698
1424778896
1350310118
1329332970
1323532893
1378947820
1374273593
1321423632
1317922649
1320922024
1318339665
1328099648
1320113094
1319742965
1269932634
1249062575
1293478553
1285495628
1350985803
1294339463
1292769430
1269033507
1334144631
1316418470
1314129824
1321494045
1518211487
1414335876
1291816267
1334725675
1333995706
1316013126
1333633747
1335315359
1315967293
1300978562
1310094913
1304553687
1297918601
1288877172
1287662157
1289143119
1315588529
1255469687
1333554482
1255772604
1323071454
1321554223
1322834084
1317523359
1314036187
1301095245
1300104667
1300945072
1291496358
1288895996
1295085084
1256537755
1288680503
1305303572
1327111353
1341157588
1323756535
1334384678
1330551623
1488743892
1515096163
1299571425
1511998097
1320336229
1478730422
1324106842
1326699475
1335931260
1257269819
1313909338
1306780980
1318851506
1301205152
1337421978
1323993004
1490659233
1321180402
1294292765
1328776094
1335770238
1487288260
1256564517
1319276586
1333613051
1257756332
1493823561
1293269810
1330486051
1321435066
1330770916
1335057466
1323037830
1300756378
1493763361
1318437036
1330920697
1328789385
1315872040
1291015300
1283721806
1325486242
1246876019
1291449210
1324588457
1242156043
1293613211
1256454241
1330955157
1501948973
1715412454
1312669825
1337339967
1679721518
1265885749
1319103734
1471873857
1290984628
1292295544
1325486762
1327558889
1334900311
1314852398
1294584052
1467599961
1325012369
1286185621
1336367983
1327204009
1331741262
1261781865
1462609821
1267351903
1314493170
1312870168
1330790600
1248319227
1316095439
1324979010
1456959027
1673337445
1283274494
1311405188
1259900326
1316218718
1451950690
1315957321
1474708030
1452340653
1328136052
1334112366
1327067322
1329979735
1319689442
1265572794
1464979433
1320312085
1337819512
1321814664
1316005691
1330524208
2903402288
1263824068
1645838301
1292478286
1259153276
1252518924
1319867945
1325956823
1317977182
1293534695
1331462410
1328926501
1319823573
1296942907
1288290435
1319908803
1319025678
1314458320
1323264726
1449359894
1316223838
1316780424
1317812704
1482947531
1245323346
1301299157
1319750274
1451033174
1291468788
1460240379
1382616384
1342492784
1335966879
1352449363
1335460754
1333215024
1337978312
1341912580
1318821395
1317679622
1333810018
1479475977
1466163798
1294260586
1302628768
1345069711
1460278497
1471567466
1300633170
1285272595
1456000059
1267353454
1265362063
1327180809
1294067140
1303299834
1289284237
1318942059
1318160181
1320861407
1340142880
1325030826
1294153110
1288965695
1337977076
1461049034
1330226224
1350787861
1347505547
1325328547
1293340021
1319432618
1244148992
1250259445
1251325795
1393042252
1550414096
1373480405
1336724931
1716041829
1548544792
1407612824
1471532221
1347581288
1326829559
1329894933
1470182744
1340287919
1258917997
1350492284
1329619098
1335750210
1352925743
1350918150
1328658497
1353714866
1500642900
1445718539
1467145442
1468950989
1315475791
1323271971
1316422937
1458040841
1469596462
1318800163
1241253228
1468290500
1315185495
1351230769
1345031653
1327868536
1315644242
1292967000
1310563420
1292351640
1252731785
1292760264
1286390261
1608546542
1443346305
1319884641
1342690529
1317285069
1326851273
1314449279
1254451962
1316330432
1459886938
1458431678
1348507517
1313643523
1312414222
1338980344
1291759040
1324881020
1330063822
1463057970
1301432268
1467594165
1464234746
1348716055
1262096194
1503998739
1339709418
1348096723
1486135492
1265284051
1338076251
1309480562
1330337953
1347522912
1306378728
1336737640
1303891686
1306749277
1313815221
1334514089
1351244318
1337882380
1348933094
1341185752
1357298745
1359820044
1336181105
1338259885
1357812646
1308852742
1266695452
1340509042
1271175525
1336932315
1409809668
1387896524
1426145581
1446030170
1557042088
1399460529
1338976183
1332898262
1346769682
1362619520
1306472227
1307695809
1346497143
1349374186
1337716740
1325529283
1353425461
1338104858
1336293486
1330640889
1329191294
1348054715
1343090039
1343529862
1326498613
1335596306
1297793662
1305812383
1323715451
1316011493
1327839364
1346645384
1344970361
1331601724
1334762721
1341117917
1314735941
1335997033
1338474831
1375559019
1475225319
1337063932
1357469932
1341448993
1336666733
1352939637
1341379433
1364530815
1346278774
1343090978
1349103154
1340602728
1480008478
1348177111
1346817273
1368519161
1337053076
1359957523
1351598499
1480768496
1495863627
1343837681
1338630563
1348579577
1335889439
1345893348
1468252838
1355504729
1370750605
1337417349
1338605111
1332911220
1342448205
1336364899
1345261962
1344108616
1335557229
1337879846
1332083429
1340102128
1366795326
1348657182
1346190318
1349397915
1356941961
1357406128
1307283095
1342304881
1332889185
1330522954
1340299139
1354267808
1332432446
1320916759
1349160838
1328484174
1322652178
1331003394
1332780959
1324680192
1337871308
1323662079
1353874980
1339085674
1332293712
1341784430
1338467406
1345058413
1342898022
1349999141
1331921957
1332550959
1333009308
1342161825
1343999417
1347472603
1330465296
1322639907
1324799366
1302626697
1346469385
1363291050
1357607637
1351748082
1357218983
1347300669
1330841585
1335517553
1353950041
1319959951
1327702095
1342906719
1363757339
1337599582
1495463735
1329663970
1346284807
1323999830
1350823365
1316990905
1304655987
1322853186
1333745469
1332395536
1327461408
1321477818
1336229471
1363361330
1319633918
1328216392
1342421757
1334998819
1338711925
1348032150
1350955954
1333021847
1474438598
1346941602
1333003446
1340462899
1281929668
1497146488
1475160465
1465918160
1476704465
1345233994
1349637672
1334381546
1351867668
1356137360
1342496554
1340728550
1491505706
1299491151
1344654496
1345243477
1391758312
1286312198
1278580790
1360323641
1359122558
1340178747
1260935379
1479234325
1408286410
1514421011
1368710525
1348970721
1337302922
1347574295
1341609212
1424667577
1429196277
1403387647
1371024068
1409255393
1402362760
1408605334
1386138217
1355360818
1355319974
1347664709
1338180899
1335725957
1335529351
1370179189
1469627782
1335166213
1275838447
1336625835
1333871391
1338807266
1270585695
1491747546
1337761802
1355872618
1347741850
1343941064
1354565628
1278722261
1493101496
1484536283
1511476105
1281224255
1487358769
1336852434
1340879071
1391884741
1359402075
1494997575
1487518917
1361268983
1341577340
1342730208
1516569586
1419969673
1417641869
1426810425
1348742467
1347438282
1433241650
1407613273
1279003139
1381601354
1358074020
1302976913
1337166892
1335043389
1345042220
1346502363
1344311570
1349717618
1278893356
1332726576
1296445812
1345816583
1341311915
1370656137
1345207756
1348449225
1335381905
1267593232
1342148220
1334742527
1482737936
1492655407
1340774176
1350743166
1496840566
1463932507
1453771677
1281334505
1344980073
1347751204
1346966917
1331194799
1343374224
1339340066
1350073815
1304345627
1353683682
1283506484
1497377818
1485697942
1488649788
1351592798
1320718836
1282617969
1331128315
1348164470
1327094465
1330685460
1324494927
1406829415
1461550474
1521386395
1307468682
1335769731
1349387348
1333422635
1345177984
1344255692
1340441449
1357145096
1455367211
1327813160
1337865045
1468638579
1343183494
1336035705
3805055078
1481193711
1331895581
1498298644
1476993258
1350728754
1345501360
1299463279
6639119142
1337047191
1345967800
1355304043
1370816149
1372211352
1263644415
[SUCCESS]
[1m[WARNING] We've detected that your software may be threading or using other multiprocessing techniques during template creation.  The number of threads detected was 8 and it should be 2.  Per the API document, implementations must run single-threaded.  In the test environment, there is no advantage to threading, because NIST will distribute workload across multiple blades and multiple processes.  We highly recommend that you fix this issue prior to submission.(B[m
Creating Enrollment Templates (Multiple Processes) 1698337568
1719435564
1819757265
1367857486
3327385427
1561046638
1713922760
1314600864
1329680575
1447473243
1636567313
1409841284
1454581013
1730127154
1630756390
1306345817
1441395322
1372846168
1638872099
1309458081
1324068024
1459198387
1466313828
1400615498
1323144785
1441312516
1352404591
1448637924
1402914630
1440541868
1406206069
1446282867
1388815414
1439704750
1405567602
1449771948
1361245554
1443101094
1446521155
1609841586
1368322048
1447017925
1387180062
1454451780
1390740508
1449077444
1398362735
1459382626
1413445264
1469550060
1382968141
1366110365
1636363542
1423573141
1382202095
1356334736
1376372549
1378208673
1401039926
1373647231
1441404702
1357802696
1358511207
1375014142
1437760201
1397798522
1346906410
1396161107
1436230382
1399863110
1390796309
1388360946
1365062488
1465435880
1398017378
1413545183
1378694634
1411757308
1379019996
1548298659
1433525625
1398434135
1380811319
1393709046
1433312286
1353741808
1382605121
1389053109
1432867841
1439280625
1377419825
1421617170
1381288044
1463759322
1407686772
1538553461
1604586515
1461016552
1383976534
1326130776
1528669317
1453113113
1377935419
1365868823
1679517506
1405601298
1680012632
1407522809
1391096602
1473399343
1530705812
1551919500
1384419774
1453957234
1405798718
1370316488
1354526374
1447690470
1438395336
1531949631
1383618712
1449631002
1438436527
1393360950
1339853060
1450077625
1442420714
1385615763
1345637897
1455224854
1455377904
1393269344
1354679651
1461192552
1442525748
1395391911
1346210068
1445408727
1444177808
1376414626
1368376653
1448281104
1411955821
1428061867
1415441899
1451637997
1413374508
1412045176
1393664763
1443958218
1410603938
1409150162
1405371393
1471201053
1430390891
1423726190
1456426703
1474835804
1438752659
1471601527
1463990695
1524632401
1480751892
1471085952
1418241271
1483507234
1446162165
1610123077
1455478188
1484421007
1475848483
1457899728
1613216058
1407904842
1495018419
1455548136
1444686495
1486498318
1498522109
1424896362
1632443420
1408216111
1489823089
1464932888
1453852492
1495860251
1502208949
1464705162
1628450173
1475461677
1649499372
1445355199
1601714577
1488666823
1503032219
1455463856
1440147641
1495696755
1417128851
1452824575
1435419332
1481728226
1493226674
1443676761
1591010362
1453587031
1495122085
1442651136
1366533827
1451047260
1486796269
1441609359
1382543492
1454052866
1417517958
1476797806
1489879124
1425847050
1464749547
1627742398
1450684592
1425780218
1488562417
1469682990
1463854566
1430252617
1467230053
1664831283
1461313960
1384480944
1459845072
1484943900
1484208902
1423755448
1469764704
1481518970
1483969543
1431275229
1493344050
1476042505
1484276444
1488695362
1409318162
1453572484
1464493741
1470390530
1642836005
1445784954
1456920733
1473456357
1451760482
1427355627
1636790402
1467786789
1425293133
1648249435
1648485057
1481364429
1467309798
1399286136
1638677773
1650312874
1607608399
1448978010
1643805924
1653111136
1462588834
1455530079
1496783544
1466829861
1462092650
1449347488
1478679131
1656537512
1483030956
1458713493
1483482336
1497697812
1479039776
1455269660
1504591917
1658409320
1434130516
1642554679
1643811589
1465904918
1471960596
1451244457
1634566230
1474698380
1383040465
1456164548
1499905424
1499845594
1396317040
1460558117
1488404931
1403910219
1385980126
1447946728
1482072202
1435655481
1482979367
1454335537
1655371270
1452657346
1613716688
1446427931
1490699328
1451826802
1417657313
1448265260
1484697913
1451292193
1383536421
1448798569
1487336296
1479017147
1808597523
1449959217
1437757591
1503958677
1462324593
1618739191
1397313965
1645914641
1441225526
1454061145
1503292610
1482886351
1465113204
1623035123
1482246449
1438646945
1446322643
1450077567
1407940344
1471001914
1443146353
1455807703
1500513085
1501276476
1454042289
1463186235
1479105346
1441319853
1650057558
1603316185
1458667842
1410941826
1457159109
1477154489
1492594857
1437789987
1458298507
1398065264
1475515941
1462087201
1478065752
1491371971
1470813447
1383305668
1433211296
1481571193
1478582284
1472817120
1653265796
1469712464
1470891244
1472085033
1431757886
1482588021
1468363790
1474609185
1473737218
1482550906
1432529033
1449534638
1495223885
1458348034
1484370550
1455927634
1477862061
1476496639
1419873137
1473227973
1476846506
1630291078
1486168731
1460778338
1473237384
1616878413
1475587925
1465598311
1441654111
1628798985
1497126210
1465400744
1663915888
1440226861
1588413320
1441062456
1432813091
1448095278
1421065688
1417004967
1462678287
1490307573
1430685226
1443207175
1486860477
1419725980
1448149096
1467473064
1482333452
1492177975
1613631023
1479962358
1452541857
1511769580
1606434705
1464855784
1440799450
1649469088
1462986850
1459986734
1476564787
1391051991
1487052921
1672825983
1419573144
1629603058
1484270948
1473745426
1427249900
1469138601
1486017160
1467319207
1459596293
1482911515
1489687231
1387581747
1634131124
1480527478
1482691641
1431781155
1565940826
1477831891
1387139645
1493507338
1599487183
1462734045
1481523375
1489885007
1391126882
1447126530
1483936469
1688462160
1515932432
1422402260
1466130514
1504695936
1917353839
1433410068
1477023653
1476301103
1465649292
1389402523
1485600470
1472969098
1487500889
1451331226
1502884932
1480981588
1868540593
1466438139
1505064078
1476237310
1405348810
1849935598
1494905015
1500175514
1507858485
1451024335
1631786318
1488676910
1653230889
1428596180
1437728916
1506582663
1468229467
1431252282
1454739223
1430136028
1459741216
1473783052
1462744556
1666850297
1485166160
1449843112
1427911868
1688489481
1498542200
1466267321
1463618689
1664918778
1484990732
1468327949
1383708058
1528002426
1519952215
1476180182
1452566940
1485720006
1453963665
1458761373
1596054095
1482148920
1655808659
1468496271
1607712274
1485392649
1493119368
1468141440
1457609418
1509076349
1459479103
1449119046
1429601150
1482934777
1433113305
1481141775
1460847215
1515454226
1470574821
1509879779
1461363727
1484083860
1468869037
1464709724
1415930454
1540496484
1390863027
1460094685
1454483568
1482471038
1650332311
1619440510
1435413871
1392649617
1655825591
1682463707
1581460080
1443454785
1460168674
1447431001
1417253118
1466256887
1458908919
1471470470
1596434071
1480128261
1489849823
1522085557
1626635560
1394174253
1461874868
1479678077
1453618589
1469874513
1446661615
1463290254
1396612380
1476733185
1430474717
1484248485
1609277109
1459385032
1660425198
1515272510
1448911405
1481428098
1518639208
1470952362
1897918948
1472148933
1492036732
1680406172
1609715273
1489368723
1487881379
1391736026
1496776924
1496407389
1389836012
1459886633
1472123604
1494489647
1472222287
1452389433
1625975735
1482200290
1472902735
1618874331
1476591559
1488594039
1478659322
1488615493
1503075003
1498862466
1451401006
1622031942
1488269389
1486898482
1642460262
1524608137
1474129647
4283080803
1472497487
1503431091
1452030448
1630118311
1466930089
1498049766
1460619910
1468684861
1468505685
1515129071
1493028596
1458474779
1620440448
1499742799
1490755743
1461694213
1610206696
1473084469
1678592542
1390505454
1479955322
1480116754
1505912070
1641874440
1505104654
1472847509
1490729359
1460326169
1425840999
1473213062
1487372391
1468229331
1482436409
1431289966
1461462166
1462834918
1464235573
1468837220
7338876410
1452526596
1469757387
1452530115
1491662073
1488976098
1370523727
[SUCCESS]
Creating Verification Templates (Multiple Processes) 1888297833
1910039245
1930303226
1925604082
1552561352
1577897073
1797726013
1534500169
1529808816
3430008218
1719992430
1523117067
1568178704
1883591257
1546425780
1500632713
1494815603
1502037113
1881971794
1493088410
1501041712
1691464059
1484502221
1526272648
1420887268
1476345886
1732967473
1530557788
1452754024
1456631566
1736549494
1539288478
1366227251
1515406703
1762766581
1445043808
1557626703
1543707712
1570321509
1411088590
1559502640
1515125559
1396796618
1537810155
1722379375
1514591614
1442946210
1530441808
1535496676
1497067133
1464729738
1523776997
1506146423
1508358574
1440871470
1488060320
1475677842
1470096220
1452891565
1522255025
1724772010
1482227215
1437873244
1529637926
1491259056
1505421798
1456244192
1536719824
1485281954
1688021307
1437463436
1503761471
1432640321
1515376579
1438268136
1448264415
1484288603
1423432368
1518727215
1505568220
1669703758
1501462125
1945896573
1494929074
1423288887
1493553171
1432054794
1497537882
1507400224
1505245306
1463056170
1700650404
1499590462
1526527581
1461518253
1696514932
1499570974
1504737956
1463036338
1437378745
1696564022
1530663660
1472504078
1509387071
1691700118
1458424172
1653724891
1493788358
1451010393
1459514340
1426625095
1425013845
1461466760
1490758835
1502942040
1467226646
1469293723
1480417891
1483342900
1508290865
1463725179
1475780018
1495241671
1578756056
1430316074
1497407587
1465684969
1510564190
1436973227
1488776171
1508492144
1689120038
1471527936
1491325609
1488336982
1493061259
1429456911
1446990221
1483280797
1492287527
1426526159
1490758182
1503687922
1485633831
1438254474
1451021087
1486181281
1429518595
1501660943
1467037133
1517926272
1462967439
1497250987
1505620865
1470974143
1461069052
1495261866
1501246662
1467736550
1476369724
1533772388
1486271850
1493002412
1462188197
1512422774
1471579667
1519398431
1462818703
1541992450
1543760618
1541565276
1466515140
1498562882
1457551453
1507328579
1474001380
1503671644
1680674132
2428781416
1461169787
1522523704
1518565490
1478777300
1530923226
1508680371
1507917793
1466235102
1502906156
1520617423
1471712559
1464508851
1491962503
1523384029
1506558542
1518759234
1650593501
1496344479
1656802479
1497218350
1474110972
1507173780
1629903564
1476216548
1484719929
1494084536
1655702080
1443200883
1470108348
1477665377
1450605131
1453508018
1498300052
1666980597
1454690066
1467981327
1470205655
1510467122
1420614052
1466827759
1468346630
1675985957
1425594960
1464765857
1478309798
1493883238
1455634223
1402488917
1465435552
1481049445
1400022727
1442570816
1464395972
1467729201
1442636587
1481464943
1479618512
1502749917
1500917081
1646462050
1467994618
1461391277
1464663064
1462466046
1634349304
1472839518
1484872500
1468246572
1457952719
1472627811
1464023032
1413086641
1460213004
1460898597
1463042784
1461119928
1460558140
1481021409
1403707087
1608004838
1457547111
1451501003
1425451128
1453478330
1459075567
1673479093
1489840214
1501548601
1605226029
1428729852
1667176328
1407494632
1580747873
1447315444
1477475680
1656015615
1566109054
1475618200
1443426569
1401417789
1404242086
1464166355
1482065697
1666271106
1400421208
1480072560
1473709018
1473804094
1360858198
1499313976
1494564893
1458467800
1483159832
1459917296
1456928762
1463262006
1610964996
1456854109
1378970711
1446823227
1600256996
1383617173
1428507304
1452569868
1420161560
1577203837
1397268470
1590572504
1421377321
1396460536
1589849582
1419569318
1606408659
1438158598
1365025190
1417690615
1445444407
1375402808
1587650179
1432827300
1443409301
1583789101
1598049059
1430806925
1372873743
1449989194
1374330703
1430762612
1626717819
1448278896
1427966347
1432531313
1436996970
1581250523
1578155373
1428770006
1442378860
1443421565
1370605340
1425795813
1434535380
1574177392
1585185762
1426307538
1368386446
1448962707
1604044457
1412364152
1439786134
1444279160
1442645352
1429276718
1457916142
1432709739
1429921299
1455230590
1445494473
1418838920
1446819435
1444835705
1385940712
1452380922
1464914245
1458094690
1447457992
1444061595
1454829463
1584542920
1412648555
1446625580
1441611731
1451834831
1444859238
1449214470
1472921768
1425261862
1459875006
1430589836
1444160633
1445634966
1445870381
1428363670
1451258739
1454815996
1451577291
1428959591
1464865026
1447392355
1451976320
1427109620
1441774508
1446148966
1439371372
1431952945
1404661576
1600208492
1444527804
1443874970
1411082224
1450930412
1598003106
1440526186
1446963325
1447362989
1600463607
1438423457
1436067437
1442630820
1580760060
1401793804
1433792117
1444105273
1364437818
1437063328
1448953098
1445350785
1461808215
1433156704
1441489369
1437214390
1439664204
1430085417
1434993043
1442870853
1437499294
1431604515
1438581787
1438763807
1385187252
1451080577
1414144980
1371153684
1575262535
1429102181
1424564657
1352785501
1359924521
1435107153
1418103099
1433639556
1591684277
1448728799
1415654553
1454367324
1448138286
1450768524
1371260295
1611338730
1446071734
1353235108
1432904827
1601550706
1431668367
1438403472
1580708569
1432181007
1437273247
1437180770
1423792419
1435413806
1443141918
1427268199
1425974546
1589557632
1397688477
1432510131
1427280821
1431980216
1635471290
1427475750
1392486669
1387604914
1356184602
1342057565
1432299509
1394480087
1424175737
1387729952
1426964336
1433015140
1568235791
1347919493
1429823178
1446314341
1432549772
1392288447
1656156620
1480534984
1475103480
1365044789
1440978387
1479738039
1650962399
1354131801
1484990562
1482871903
1315385843
1620692754
1473998736
1323961228
1484350017
1497136877
1479266613
1321106882
1469427310
1473915359
1468126981
1355939457
1472148136
1462491312
1426193227
1430808366
1432945753
1445358172
1429710472
1431186669
1371412951
1407139450
1592797765
1451379373
1611887690
1450991718
1387528407
1438437083
1580648397
1359678541
1397456336
1442788051
1598606392
1681660020
1431572201
1438159610
1436628782
1440427505
1910099912
1424256215
1394430638
1434107009
1449197630
1599234569
1335951518
1394423761
1438935893
1473329173
1383272683
1530245054
1405928738
1442610129
1386985329
1303353103
1433688550
1434741834
1423120341
1435742911
1428648709
1414547039
1435441250
1434362811
1428520016
1396234654
1438641096
1408522330
1426624113
1732379848
1579302862
1378441905
1453397102
1601189771
1382707252
1631430148
1440906486
1438363851
1401805030
1384838738
1452294479
1365313686
1587684488
1392024990
1439109893
1386763843
1407309264
1588538210
1404512753
1374530500
1368601680
1437910777
1406799945
1319064528
1379089747
1403466174
1436811370
1386996469
1373995249
1444389926
1447818383
1321775621
1379094765
1443629618
1448122348
1518047830
1376001044
1452533233
1435598880
1316905023
1531372690
1368623534
1439103303
1528482519
1370858857
1398794344
1433557222
1330348458
1356593236
1439348616
1440370961
1345164436
1506148123
1364240149
1371539353
1452816790
1366030009
1435540871
1392630736
1447853845
1313903008
1419174860
1372379877
1435138624
1374571933
1372158225
1432701221
1400424256
1519563526
4005453482
1437332839
1403262402
1300645354
1358977316
1434140306
1361656772
1382187173
1439354562
1776548823
1439823452
1387777793
1375198641
1429387391
1382815018
1526448944
1433047720
1488763026
1421484335
1424294766
1416636536
[SUCCESS]
Matching Templates (Multiple Processes) [SUCCESS]
Sanity checking validation output [SUCCESS]
Creating submission package [SUCCESS]

#################################################################################################################
A submission package has been generated named libfrvt_11_aigen_001.tar.gz.  

This archive must be properly encrypted and signed before transmission to NIST.
This must be done according to these instructions - https://www.nist.gov/sites/default/files/nist_encryption.pdf
using the LATEST FRVT Ongoing public key linked from -
https://www.nist.gov/itl/iad/image-group/products-and-services/encrypting-softwaredata-transmission-nist.

For example:
      gpg --default-key <ParticipantEmail> --output <filename>.gpg \\
      --encrypt --recipient frvt@nist.gov --sign \\
      libfrvt_11_<organization>_<three-digit submission sequence>.tar.gz

Send the encrypted file and your public key to NIST.  You can
      a) Email the files to frvt@nist.gov if your package is less than 20MB OR
      b) Provide a download link from a generic http webserver (NIST will NOT register or establish any kind of
         membership on the provided website) OR
      c) Mail a CD/DVD to NIST at the address provided in the participation agreement
##################################################################################################################

