Checking installation of required packages [SUCCESS]
Looking for core implementation library in /root/workspace/frvt-1.5/11/lib.[SUCCESS] Found core implementation library /root/workspace/frvt-1.5/11/lib/libfrvt_11_aigen_001.so.
Attempting to compile and link /root/workspace/frvt-1.5/11/lib/libfrvt_11_aigen_001.so against test harness.
Scanning dependencies of target validate11
[ 33%] Building CXX object src/testdriver/CMakeFiles/validate11.dir/root/workspace/frvt-1.5/common/src/util/util.cpp.o
[ 66%] Building CXX object src/testdriver/CMakeFiles/validate11.dir/validate11.cpp.o
[100%] Linking CXX executable ../../../bin/validate11
[100%] Built target validate11
[SUCCESS] Built executable in /root/workspace/frvt-1.5/11/bin.
------------------------------
 Running 1:1 validation
------------------------------
Checking for hard-coded config directory 1733430669
1420210306
1797094220
1420433171
1383349051
1349097020
1334592742
1354185840
1353106696
1352573343
[SUCCESS]
Creating Enrollment Templates (Single Process) 1645222131
1400555408
1358692379
1342870128
1363032699
1348564488
1349855872
1383308239
1390876086
1362393071
1356044595
1359096779
1354402872
1336073484
1359213570
1368182432
1379005870
1393603875
1416337277
1390961673
1384263757
1396700233
1399978048
1393482320
1343553060
1359338911
1350731043
1364762012
1364720664
1360764201
1379624206
1370961265
1416814652
1412595079
1365653717
1372519767
1387720825
1352008411
1386158163
1399173083
1396053863
1381493774
1387131963
1396563927
1405637001
1369676466
1360248752
1393622098
1368946218
1363259228
1366434866
1373644977
1367933770
1369992828
1384200328
1376563773
1372038476
1381055977
1389427744
1376571128
1377827531
1375016003
1388412353
1356563960
1361581927
1380687695
1369214023
1353388076
1360941624
1356287878
1372981461
1388301673
1358293612
1384667520
1370249089
1357533439
1360160087
1379664724
1373504303
1367708010
1368204113
1385396277
1371783909
1363984639
1366735533
1344835417
1357234339
1380188325
1390458963
1354065670
1347525533
1380625199
1362449858
1359525578
1375904210
1365877701
1378937762
1371864808
1364383522
1380266751
1384014383
1381404570
1379986562
1469312644
1490593005
1454075853
1390591514
1378019699
1344312091
1369885606
1380066635
1347417902
1382622999
1390868226
1376577866
1371969548
1365349054
1357018446
1375813671
1391022859
1395317530
1372256055
1370078193
1377997926
1397591861
1357506927
1366722024
1379998254
1366279011
1372506987
1357792485
1353360294
1430455632
1457346095
1456604533
1466671864
1463067259
1452554175
1446038653
1366526069
1366144507
1373423840
1371416509
1361666474
1359471874
1380877783
1402921982
1418365394
1398179792
1383660342
1363766394
1356862872
1362209988
1389827166
1385087920
1378397004
1390488045
1409995342
1385428484
1379048164
1391703790
1376867695
1398252799
1405132558
1390996237
1388088802
1419735558
1393708036
1383838820
1372512364
1378931205
1396526116
1369059684
1383937969
1362536222
1370408765
1362468595
1370870639
1381859811
1361389418
1365497328
1359272580
1372700130
1363536287
1375637979
1379408189
1395849838
1374190937
1379563235
1405802753
1391480827
1365558330
1390987523
1376775023
1364008181
1368488153
1360639636
1387633242
1365847630
1394021481
1361897770
1389930166
1369569471
1358715762
1380657089
1362969235
1362708311
1410975304
1386287962
1402303648
1375376305
1377525592
1375102595
1356674360
1382988186
1370775185
1378327356
1368333195
1399382956
1403515482
1394891714
1416444787
1384208858
1391431739
1418943828
1416841913
1419896258
1389927933
1397073045
1389089184
1372904619
1389457774
1381088269
1397731594
1386820903
1383907198
1405054155
1369705089
1383476960
1387277326
1407549285
1386482790
1380741266
1390070031
1389441568
1384348873
1367543273
1396478125
1400879533
1376827491
1397667233
1413705836
1412785058
1392648220
1410473403
1397799623
1377548342
1384014426
1391708916
1380071747
1401579350
1392697785
1397163565
1367390265
1376339977
1371807003
1373126106
1350078207
1362087690
1431063313
1431792993
1404448422
1406024443
1410030328
1406698631
1396686525
1395298220
1402720779
1397984319
1392128201
1412091384
1391934170
1405785294
1433052009
1455663731
1474559210
1461696140
1470461801
1444345830
1491227409
1479246666
1397622833
1421700968
1369842378
1412632194
1408287782
1395030158
1412570779
1382429273
1385689027
1372869265
1417152266
1419912952
1420819799
1428395960
1415619072
1417633296
1436120360
1420950960
1434315070
1434369689
1505450890
1484669599
1500940047
1467153181
1473418482
1492307503
1471821235
1468645753
1412366995
1391051495
1423636495
1403153994
1436939247
1420184115
1423814356
1402815094
1399231535
1411414088
1413681747
1409060191
1414500500
1401331900
1414840357
1436139684
1427641824
1398070288
1385007190
1356088304
1355690139
1339422748
1353072561
1354845080
1352722880
1340092198
1346681125
1358615010
1428724983
1430402295
1424294665
1433128048
1445659137
1453177053
1419342324
1359286343
1368517015
1369220146
1364382792
1374378350
1352807108
1351932000
1389787759
1344855259
1377629830
1346697345
1342674875
1344344976
1350776126
1355470386
1354897377
1338775573
1363517939
1371800088
1357861618
1345487759
1350504394
1378877231
1355178338
1359844392
1393431237
1362233211
1349450404
1344050388
1344904653
1359676355
1357447575
1358270323
1344342995
1347832268
1356471085
1369595582
1347331073
1342659576
1347916606
1343898208
1332895661
1335298224
1381148643
1365351602
1370548362
1371979582
1372208138
1375973747
1341582281
1357589433
1372827604
1342984611
1358300748
1373210244
1349675181
1350309224
1363544345
1372412673
1371365003
1368389194
1381330199
1362270389
1367958792
1345985130
1364893147
1370577522
1346437609
1351139886
1364165455
1357953193
1363918901
1339042948
1364366015
1353991252
1345790422
1344656941
1331504485
1334952295
1339897999
1353322695
1353450841
1365735853
1355863979
1348415534
1341490849
1344523189
1359636934
1416229276
1434012231
1431561212
1430782538
1434230309
1427108139
1431721857
1352037227
1342287347
1348391950
1354903155
1350894496
1342330086
1342345893
1360685691
1353822179
1373298051
1356371827
1354607752
1358150815
1342373215
1345772770
1374269276
1363424585
1366734788
1360034400
1360185164
1365780286
1361101674
1378813284
1369331506
1351210232
1369623210
1355552744
1357405502
1347775031
1353825856
1368317566
1353828142
1368925735
1356764290
1357139220
1373836116
1364123217
1383426649
1408135437
1388963593
1397304623
1385032081
1380732055
1392167359
1376947472
1377894929
1355407913
1370088612
1369338379
1357074550
1372030603
1391757761
1358798095
1389785163
1363906367
1378662675
1366424737
1361362511
1384801847
1369164796
1374664243
1366313136
1379510452
1373846234
1378223387
1384777062
1378185031
1363050097
1391085268
1378913004
1372562893
1378333849
1360674983
1387765381
1360202333
1378962654
1383131639
1362781056
1381019960
1381147899
1382202393
1394744274
1376005105
1397304241
1374359155
1369209979
1381924161
1372986166
1374886279
1373675016
1398185170
1382330200
1361933118
1373567784
1367909799
1415625051
1387532666
1391475190
1380216432
1372009142
1370631008
1379151968
1372787888
1377772458
1355275562
1381438632
1365603438
1344035483
1365034105
1391020827
1367573255
1377730543
1387179971
1371180866
1381392999
1355100598
1378740364
1355304111
1358758385
1394296071
1383490653
1379274971
1365211655
1390395205
1390782921
1375401514
1374441275
1388353650
1380587964
1380491469
1375234693
1386830257
1370509365
1362398436
1375045165
1372389929
1353302724
1361923211
1366686177
1368349310
1354153923
1382420562
1392624546
1384510284
1379379853
1361152475
1386765208
1358217927
1371873898
1387433762
1376566368
1364604774
1369488016
1378842983
1370741673
1366209842
1358379665
1384368065
1358905728
1370329263
1376291980
1374353828
1366929643
1373286916
1363980370
1373705766
1362943126
1399161667
1448089990
1449218589
1471434506
1454892780
1475212471
1451207219
1467723936
1388605043
1363844635
1388732604
1373789169
1394178590
1364959212
1372918688
1403262890
1396512142
1403865898
1380205468
1400682966
1382829093
1377608534
1395068863
1381119746
1370129081
1403211639
1390671977
1405553612
1379929054
1404293967
1407410595
1385251725
1443834798
1402223073
1403527561
1403698397
1408282160
1365675861
1384339390
1400814219
1456629918
1398649732
1376779690
1407814893
1385221756
1388845829
1363249552
[SUCCESS]
[1m[WARNING] We've detected that your software may be threading or using other multiprocessing techniques during template creation.  The number of threads detected was 8 and it should be 2.  Per the API document, implementations must run single-threaded.  In the test environment, there is no advantage to threading, because NIST will distribute workload across multiple blades and multiple processes.  We highly recommend that you fix this issue prior to submission.(B[m
Creating Enrollment Templates (Multiple Processes) 1722119349
1862465252
1864424783
1878077557
1501045175
1490487201
1504609661
1549294839
1371908449
1441427263
1498008510
1493053223
1376517394
1492167263
1484484505
1732964088
1367929495
1482865524
1487679612
1476750639
1371331718
1483781937
1478678993
1399091632
1389952149
1480265845
1380447641
1493808316
1368914924
1385858287
1517993531
1509291384
1373411421
1390780109
1490396916
1485557172
1378206221
1431279632
1473144929
1458105042
1455278556
1446313241
1451269871
1441094547
1437155033
1441477225
1449120311
1443563268
1437103319
1448401874
1471645703
1455154016
1429485692
1443846519
1462558768
1476736156
1441764945
1437629061
1446144940
1459490437
1431684774
1441806437
1452577889
1469992660
1430630075
1423268738
1474514558
1479007942
1388713009
1380939323
1479293038
1483886494
1373703612
1382611536
1372615592
1466910583
1477523459
1391196901
1384209499
1474832744
1474153099
1365764223
1352443439
1465656437
1477048067
1367293158
1364693553
1464743533
1478651320
1378188085
1366948655
1474051719
1482109424
1383178527
1401736312
1477380308
1476346643
1438740753
1434920231
1417419189
1424071242
1443498835
1439793301
1444899599
1457676490
1443596653
1433940427
1452831299
1462208546
1435992867
1426958182
1453989738
1459943424
1429775446
1423329870
1450214184
1456390398
1434672944
1433911339
1453102352
1467571680
1446700740
1440929795
1431450579
1427511770
1456369565
1432093688
1405514467
1422523161
1442990501
1444146022
1459865427
1471780937
1476986373
1454230246
1432001220
1430649047
1446573162
1445592364
1435417934
1444857874
1466093186
1461708989
1431390842
1427176163
1440741147
1453074553
1409182597
1418327385
1446910760
1461609550
1433254573
1437974567
1457959539
1436659542
1406646221
1420135757
1441356678
1435945905
1409896186
1422369195
1451347547
1444532903
1411278328
1419362217
1444258031
1436685307
1412218655
1424510793
1448617453
1442429571
1407130236
1409852233
1441022992
1430335133
1397068490
1418245109
1431498373
1432654096
1481030786
1487314251
1390658764
1378428829
1452023578
1465139264
1387113469
1398851031
1455634456
1472517061
1402517178
1403365839
1459019294
1465137760
1426153826
1436298950
1456624682
1454360082
1431631822
1434717839
1449088198
1457298927
1428109656
1435090690
1457774980
1470457568
1433113793
1422706937
1497075574
1496126826
1395000299
1379080141
1469947823
1361562224
1472928110
1366506103
1476865658
1383729781
1475721498
1378083259
1466052304
1377769772
1488002626
1390305858
1375413317
1479654613
1481383919
1393362104
1391187471
1480464781
1380472839
1474121729
1419937130
1478726480
1422208111
1478589566
1382137027
1481487407
1389670075
1480280538
1380392226
1483953847
1371214469
1474558655
1392776762
1381578444
1477046064
1487379827
1368772958
1366395284
1473839563
1470592628
1374611477
1377035285
1489363665
1490450717
1390420526
1389445854
1476130570
1480572629
1375210499
1380935699
1504704101
1492362869
1419840196
1429449914
1478070747
1469571222
1430590729
1441231555
1461755540
1466013758
1424297360
1433584679
1470010903
1473486351
1445960741
1425605609
1470338804
1463117243
1431640029
1421923045
1463499985
1460627087
1423523888
1431524824
1452240393
1438408635
1467346182
1437199674
1455331729
1458414760
1439514006
1438393900
1426124475
1420035943
1444595141
1427817258
1423139696
1418645639
1441117286
1447309095
1427730646
1412277217
1443756125
1431576521
1423585437
1417571960
1426710981
1427415968
1430302282
1409262089
1444617546
1429960279
1407559959
1413990916
1438264368
1439412966
1464303041
1471454830
1389843685
1374686754
1475587450
1375496041
1478948992
1364271050
1468807614
1366053620
1476612903
1374361843
1471690797
1374158672
1462508384
1374535644
1367096818
1471692140
1364300410
1484647617
1360070347
1469112384
1360409086
1475377766
1364265469
1476310412
1379809980
1484304772
1443203682
1427258532
1450643857
1419336327
1442265128
1410631025
1436154425
1416484455
1437307879
1417070622
1443591183
1433829002
1448941844
1424144545
1445743351
1422433481
1439287779
1418136682
1439391384
1430865557
1440961864
1420514255
1443083329
1430803949
1439411774
1417526488
1441933203
1430789487
1414963683
1475943829
1393862415
1494913992
1384062870
1455307009
1405529221
1461584134
1424832364
1460949299
1428102958
1463993649
1426037923
1449806634
1424987850
1467447786
1416917079
1473767229
1432720546
1479129399
1427065336
1439524993
1465062273
1467441668
1424972755
1420086951
1474693574
1491617941
1423659967
1417906917
1473929626
1478185403
1419710260
1416252853
1455087261
1466134724
1421539953
1443370962
1458335138
1472312335
1425209543
1428029422
1465086710
1468074467
1420175410
1423779006
1452595795
1468804565
1411023960
1425959684
1459506000
1465496904
1413885475
1415933234
1464047539
1478768279
1444665675
1437417561
1434092823
1422798498
1435285213
1445055678
1414555615
1429971420
1433244257
1438056105
1408403313
1426534335
1445847978
1439809741
1426038047
1433181482
1430698075
1431394129
1412074916
1424663475
1428316663
1436636944
1410909598
1419876837
1437170814
1460405303
1429068996
1449362617
1438789167
1438768378
1406202131
1421296581
1437777384
1435210771
1402249617
1418977960
1434045986
1452348032
1414871798
1425767405
1443887887
1445480332
1409783795
1406634555
1438907091
1409565599
1444131120
1422353998
1434558631
1402678707
1440097630
1419586252
1440119424
1419297914
1437958484
1472658857
1417001403
1388634814
1493208685
1485964914
1372816566
1369891059
1473367284
1485489789
1364323709
1375870160
1473770860
1381458297
1486575020
1373749768
1473173988
1363361859
1481904666
1366944734
1472863382
1346750547
1483907265
1361414179
1467647173
1364991567
1493007396
1377960253
1489700974
1381872458
1384110471
1496438573
1464402202
1362001840
1370648174
1488081528
1477952428
1375405341
1374312707
1494883213
1381339623
1483281191
1388942621
1489869281
1371455677
1469830710
1372086821
1488289987
1360542596
1469247604
1371021039
1488313825
1370613739
1470075928
1373311060
1489850639
1364955171
1485605656
1389908761
1376575030
1510878353
1378332326
1464524761
1372948468
1487839628
1394893376
1475402888
1387863152
1481811551
1380381050
1474363732
1370656341
1500053361
1393020511
1490063426
1375809316
1493067796
1382652149
1474103406
1371690065
1485678969
1374558731
1470193063
1375331631
1384908564
1504765533
1488476679
1398988242
1404547533
1521700133
1481839912
1383242407
1404513130
1514500765
1383529299
1480694353
1400396417
1508394666
1395317110
1482555980
1384679587
1501689936
1384856484
1470656101
1374546497
1476041458
1367743197
1473282749
1385649320
1401582313
1500556206
1483381383
1385296756
1393899471
1514927926
1499635040
1394878591
1361584683
1479380232
1470163763
1375796638
1357401485
1486870846
1396417209
1471382854
1378768090
1498343150
1390797836
1471561960
1362778015
1470161440
1371824902
1468007486
1353875856
1373232520
1489433580
1465481807
1365113064
1389698981
1497144538
1472928493
1433481976
1390019579
1496932898
1474778822
1366498130
1377224950
1492659935
1460002912
1359062032
1386034702
1485634674
1460885164
1378150212
1390317396
1483230535
1352601840
1472874759
1372455900
1361873103
1479678888
1466465627
1381739764
1385545965
1474171791
1470094667
1371328179
1503559103
1480873552
1496170813
1465137305
1483206141
1462926535
1494506890
1462536661
1460431549
1482328294
1473165573
1493329507
1477645761
[SUCCESS]
Creating Verification Templates (Multiple Processes) 1841451674
1833576319
1842779779
1852571881
1472888645
1472907715
1470361929
1498945423
1475104195
1471314058
1475513465
1477803753
1471169503
1476439822
1481226164
1478924866
1466383307
1469223494
1478256128
1475105030
1467642694
1472466492
1477532374
1471316703
1502682934
1513490385
1518107822
1512884587
1492390057
1494365030
1503336199
1490340294
1494375667
1495361990
1500586566
1492511457
1488892646
1496935533
1485237105
1503839505
1506543843
1505519774
1501286433
1514353615
1492898881
1484528268
1483052541
1495492782
1496213345
1495009707
1482337153
1495045820
1511073244
1506025571
1499883500
1519151660
1467898843
1453912134
1465517043
1600098804
1445648918
1463206090
1460402083
1737884153
1470676838
1467762091
1469439609
1442644303
1455713910
1463310897
1464898895
1446478193
1454654520
1468206265
1464768817
1437822635
1450974604
1459703719
1462686419
1437886074
1467246560
1477903896
1470882658
1433396377
1449480077
1469978953
1465330609
1441924385
1450203059
1456705281
1456778256
1451643194
1453105515
1463025313
1471114793
1443056386
1454599183
1459253413
1463664111
1437510702
1460078693
1462465264
1459435137
1442953642
1455234875
1463187892
1461295846
1431830271
1493592259
1493721327
1500468424
1386859036
1463889110
1474770087
1474475174
1384130253
1459088337
1383306954
1474870565
1469823929
1384436574
1462041357
1469804313
1470739621
1390608723
1466704869
1477830454
1482846287
1385649482
1476427355
1476276233
1472741661
1377921393
1494717603
1495416145
1495234539
1361167550
1477398066
1472462148
1477446984
1369226935
1474701994
1476758822
1471727533
1387821184
1469164446
1480259725
1471611080
1397880532
1474462038
1474221812
1480378209
1386091049
1479874859
1483303038
1480061067
1398521483
1481798693
1486111894
1483975491
1428745382
1495713249
1495498675
1494460591
1434877728
1465326019
1462963386
1466349675
1439839141
1450988390
1464637360
1457644586
1437243758
1466517307
1456433046
1464209495
1436460387
1461223544
1468347357
1473636878
1446545357
1459657733
1455393635
1459794088
1432400713
1453792895
1460401815
1460842669
1427216094
1495731443
1493129101
1493221700
1373127549
1482578405
1471513366
1378253554
1475143398
1470350870
1378576533
1469759196
1473263548
1391455213
1474374012
1480093013
1478686984
1395015443
1490119809
1492989152
1501942574
1386602644
1472099234
1471018279
1475345242
1380558140
1467854339
1470964490
1476719095
1415171278
1495459846
1484018512
1487781083
1424800744
1456826486
1449198183
1456399395
1438646666
1457445186
1463576283
1463138598
1448515101
1417337592
1420006431
1493389091
1444896180
1420524353
1425133774
1853438323
1443262887
1422763472
1423801181
1489961624
1443536573
1440267526
1457120749
1466366349
1451756165
1432734000
1424212498
1455819341
1440838145
1418493491
1427751134
1443397922
1441973217
1425894561
1423093359
1450215652
1460930089
1417417070
1425187786
1444206768
1453133863
1418641919
1419019912
1449469410
1453452248
1423710613
1417260879
1446254872
1451829769
1414984370
1439670577
1419533179
1406810360
1497137432
1493276373
1372684024
1378194326
1469385469
1482280017
1364284083
1369432243
1464436807
1479049697
1397139224
1396802323
1470004708
1473563973
1401659433
1411011010
1469894416
1487318958
1381043978
1386429773
1481049958
1482392159
1384471683
1380335843
1484617958
1403195249
1488622658
1398403278
1503515228
1380095345
1502948720
1379461968
1480441286
1383568778
1493832995
1385652457
1380557025
1483083160
1479411665
1388274934
1384053651
1475827750
1398220424
1483624816
1385207062
1493388718
1387823670
1493020631
1417147009
1505648014
1401557747
1506311269
1401879433
1402810130
1517213899
1523126236
1379707427
1384529312
1496925396
1497529628
1369596910
1366887054
1491560413
1489943531
1374641372
1385405472
1499003445
1510015178
1402155629
1382542047
1497667501
1493244518
1385956917
1390938242
1478444019
1478537806
1377659792
1377961608
1465822937
1380943668
1473981044
1381935720
1493124357
1391365248
1498754752
1390683248
1476397664
1383629691
1478819663
1373054823
1378902271
1480202242
1482526206
1378547098
1386003987
1476130645
1391713814
1483117127
1371642682
1492510646
1370261868
1487552972
1410112609
1495247535
1414006124
1508305727
1433615380
1525355319
1450037679
1513691041
1445980904
1425015617
1444507089
1427783243
1454887261
1429801456
1445508895
1421950346
1452385957
1425393968
1452265773
1427736755
1448646689
1432084077
1446322616
1432262549
1445820205
1426517779
1437556266
1427690268
1430255544
1425017737
1434488631
1422405263
1451710677
1429636441
1438487504
1436149166
1453633689
1443132822
1448829770
1442337438
1449658662
1422472752
1444079089
1422853270
1451831481
1422812848
1445251570
1426293801
1445462121
1426768910
1433338952
1414264505
1432879881
1411569149
1434712182
1426405990
1452823662
1427265139
1438992799
1431139081
1448047781
1440268621
1436514312
1457835885
1431987191
1467509917
1418281776
1468067894
1424012953
1464138588
1419853090
1464844739
1443000812
1462554240
1427834244
1465763626
1437879330
1456887184
1429453867
1464684141
1435573979
1466969487
1424103849
1454223828
1435560578
1420688871
1463821544
1471343541
1441658275
1425322066
1476606318
1495992771
1413459789
1399558020
1489175716
1463560875
1413427016
1418615272
1466033582
1452250609
1433091920
1430522204
1461627384
1457350213
1440239361
1428957835
1459645508
1464502860
1447441210
1425867224
1486533926
1500867325
1440874887
1426829663
1523928813
1521152898
1440593568
1417461143
1545815759
1557837311
1375714639
1365919700
1538959244
1548294059
1379820293
1371277886
1551113541
1386213330
1553908869
1375536692
1542676395
1375877877
1357162136
1540538170
1376681213
1535265949
1365067365
1538901626
1386657664
1366303709
1523811974
1527111726
1352517124
1358787473
1516657733
1520886248
1393249143
1377599003
1541723605
1529275028
1382948461
1372276027
1516607640
1518068866
1375714628
1362532871
1510063689
1513201975
1371835515
1370870882
1520881321
1527224342
1367847173
1366109508
1523540296
1392930759
1367014967
1531682634
1515995160
1365960799
1387071374
1522710020
1502069264
1434413046
1450504298
1513605273
1484716839
1434796692
1450625499
1489262321
1477226381
1432870897
1454831638
1480627688
1488373336
1445238582
1466438391
1491780381
1477374149
1440477880
1456819060
1455436836
1435000103
1432616557
1450094136
1415739114
1437766890
1444096078
1452905843
1426710213
1407878220
1468859393
1410062680
1478058964
1350078891
1367609081
1478095454
1471295793
1367930834
1370357592
1481103258
1473455373
1367147639
1381385939
1472213274
1486963270
1357831815
1381502348
1494339155
1480631313
1359625687
1373956527
1491882280
1478921525
1364447294
1386622573
1499236096
1481418773
1422725298
1462067463
1445631926
1392447840
1465812979
1436145188
1423905767
1418770730
1435748576
1427145076
1428504498
1393329498
1447275516
1438202102
1432815871
1427125214
1432226716
1447207760
1447016658
1428255439
1438727771
1459476631
1435745843
1404514461
1435844935
1448456638
1435609407
1427948803
1402345838
1485847283
1465864809
1361520045
1474215627
1460762425
1387726020
1461404600
1450202729
1389827379
1453742632
1456651031
1375790002
1460766153
1457249804
1466720610
1464731677
1490502897
1475474253
1464530001
1463732667
[SUCCESS]
Matching Templates (Multiple Processes) [SUCCESS]
Sanity checking validation output [SUCCESS]
Creating submission package [SUCCESS]

#################################################################################################################
A submission package has been generated named libfrvt_11_aigen_001.tar.gz.  

This archive must be properly encrypted and signed before transmission to NIST.
This must be done according to these instructions - https://www.nist.gov/sites/default/files/nist_encryption.pdf
using the LATEST FRVT Ongoing public key linked from -
https://www.nist.gov/itl/iad/image-group/products-and-services/encrypting-softwaredata-transmission-nist.

For example:
      gpg --default-key <ParticipantEmail> --output <filename>.gpg \\
      --encrypt --recipient frvt@nist.gov --sign \\
      libfrvt_11_<organization>_<three-digit submission sequence>.tar.gz

Send the encrypted file and your public key to NIST.  You can
      a) Email the files to frvt@nist.gov if your package is less than 20MB OR
      b) Provide a download link from a generic http webserver (NIST will NOT register or establish any kind of
         membership on the provided website) OR
      c) Mail a CD/DVD to NIST at the address provided in the participation agreement
##################################################################################################################

