Checking installation of required packages [SUCCESS]
Looking for core implementation library in /root/workspace/frvt-1.5/11/lib.[SUCCESS] Found core implementation library /root/workspace/frvt-1.5/11/lib/libfrvt_11_aigen_001.so.
Attempting to compile and link /root/workspace/frvt-1.5/11/lib/libfrvt_11_aigen_001.so against test harness.
Scanning dependencies of target validate11
[ 33%] Building CXX object src/testdriver/CMakeFiles/validate11.dir/root/workspace/frvt-1.5/common/src/util/util.cpp.o
[ 66%] Building CXX object src/testdriver/CMakeFiles/validate11.dir/validate11.cpp.o
[100%] Linking CXX executable ../../../bin/validate11
[100%] Built target validate11
[SUCCESS] Built executable in /root/workspace/frvt-1.5/11/bin.
------------------------------
 Running 1:1 validation
------------------------------
Checking for hard-coded config directory 1675881703
1368785681
1355530384
1382975086
1350248655
1326722555
1339847672
1356044239
1323219495
1346276055
[SUCCESS]
Creating Enrollment Templates (Single Process) 1704939284
1345699213
1350773758
1349729960
1335388828
1351412796
1357015552
1352483811
1345718187
1356215176
1337484052
1345171889
1362026213
1376976965
1280133035
1267256462
1342542406
1321611977
1369019243
1329153275
1393522961
1290651957
1348178324
1360722274
1353385021
1346714981
1515458873
1432901413
1331972570
1372678596
1430487294
1432326392
1415251359
1325687822
1340318570
1333667440
1295866683
1308103808
1312644657
1334797868
1313418527
1306481814
1358704758
1286799477
1358597642
1272957219
1335870279
1385259729
1390470189
1404462228
1418428661
1362520853
1346937759
1347616666
1336982542
1354680112
1347165981
1348355984
1340014634
1330682489
1373435826
1430909060
1395991687
1392189442
1370474428
1539027061
1525354047
1321411147
1546768982
1382319354
1571833880
1354112975
1372180883
1347888762
1303877723
1326290901
1342527539
1363082491
1360317975
1442253036
1376284720
1549093891
1378677165
1380295792
1414334377
1419087298
1602568104
1353253120
1396854441
1415207110
1352482859
1553305870
1354299556
1405915010
1385451940
1397257808
1389599946
1397320296
1361942751
1542617483
1356959435
1356562106
1359811686
1411497672
1429432232
1402766677
1465883937
1357616143
1389379881
1435460457
1347633202
1361218572
1324465015
1376419800
1581880795
1790633707
1362224695
1418694695
1806420403
1390754301
1429639809
1604875359
1402284543
1404601529
1383425702
1371768831
1400533673
1354076635
1321666632
1511238853
1366084045
1333362675
1429894174
1422509664
1389028117
1359540699
1595469019
1366386537
1399723060
1460021769
1437933238
1378108712
1407004817
1370495314
1506006718
1755743648
1366925434
1406743392
1311691199
1396585968
1526977100
1355280254
1524111833
1494472871
1361579578
1354603540
1388668886
1427851735
1415975575
1323775986
1541138687
1394878252
1376270587
1354413297
1359447452
1399876430
3032736828
1339657907
1725824638
1388021315
1334450657
1319317626
1416114804
1406957927
1365575200
1362005575
1405771511
1370268137
1328028167
1347342970
1352226552
1393279961
1419190293
1414144204
1389863659
1519230875
1401844506
1403843030
1400360221
1538094054
1309411452
1363341338
1395927030
1537218480
1374177968
1553996622
1398689561
1417180878
1399233864
1409681165
1370813287
1353637781
1384465060
1388713249
1317868940
1430921555
1427986430
1589957515
1533806976
1380548256
1370974606
1408458281
1559054328
1551001091
1368065011
1389525763
1570870817
1330184284
1308213241
1392017831
1363068104
1347279243
1366306584
1422218389
1434876473
1391636118
1367206403
1338675165
1319995194
1340795143
1422984570
1569358172
1342098935
1372502491
1358740330
1355642096
1335090350
1399094738
1358794784
1390617709
1377206576
1448954298
1565979377
1384044072
1341784921
1730394469
1566347354
1452362393
1580392762
1436905066
1430425822
1426822375
1547097343
1438834085
1334772088
1413861750
1391037595
1428791459
1407440003
1407169114
1380206053
1435057886
1543149552
1557938509
1581636857
1590210085
1441161500
1434396394
1392151593
1544677810
1554619665
1389885525
1318040306
1530593137
1406614832
1404697417
1381431359
1407737131
1373973466
1372470137
1358025654
1379293059
1325400329
1346719486
1334538888
1654046122
1499937968
1394568935
1408264918
1419672128
1348618159
1349317564
1277530042
1339846574
1486583700
1515917603
1374742609
1343422686
1351418912
1345106317
1326096345
1373639556
1336532133
1514377948
1343568501
1516130883
1523647984
1331348502
1292389800
1480288225
1373985826
1343151951
1495569929
1274983618
1309041531
1317166968
1344822523
1352062621
1328125635
1341202695
1310056564
1319655797
1330588806
1367285277
1352235098
1386995202
1356282428
1353655512
1363770909
1357490357
1372833027
1349341341
1375793740
1335366330
1298506742
1366025426
1287336367
1313386484
1415230393
1363797494
1376669859
1371298835
1536823700
1391085374
1388580198
1393709180
1394760946
1359331359
1325753402
1323183539
1340902566
1352543668
1361383376
1342320759
1348706640
1359083633
1347007370
1336412644
1359048076
1346603485
1332932411
1346774759
1316598124
1345791540
1339264836
1319155240
1323821738
1351646266
1362236250
1350315326
1372542572
1351092757
1354454992
1366414502
1348819402
1354488715
1367983987
1387456054
1516761560
1384300235
1359903616
1378393090
1367222132
1349652371
1365584231
1342365347
1359385673
1351530577
1359814501
1351214599
1498312835
1381928103
1360945111
1351527850
1363354518
1345142679
1361910553
1484568274
1489678606
1338737865
1339060087
1343965159
1340756368
1363414551
1485192245
1341167821
1342888356
1350505781
1362594731
1367702178
1371964191
1380726359
1387563825
1379777329
1369391715
1432577402
1412236583
1404689869
1383057870
1389676192
1375856703
1344220640
1378952633
1391281365
1335547946
1345746291
1336401303
1364188633
1381971479
1360792295
1363218282
1378335458
1386678034
1351521373
1350900952
1379179069
1350585661
1347161271
1368416274
1351972758
1345609084
1347225859
1360979594
1362015522
1341107095
1326582344
1337142747
1373121324
1369667935
1358948548
1338414090
1361313609
1330685351
1352729814
1370378236
1336396150
1329561777
1315711839
1344112691
1367301551
1343933368
1340032737
1348970353
1334917065
1359964154
1353098249
1347289872
1346529135
1349329613
1363721053
1365252668
1358534609
1498195713
1351684044
1360883678
1350127172
1352384342
1351631684
1319325197
1356500194
1378899650
1354033166
1375467683
1371575661
1373264887
1362188131
1358225721
1345999190
1338260613
1320031489
1326956924
1349834081
1362388993
1352834264
1515317491
1344139112
1341719402
1372498048
1274604657
1478508805
1509928370
1480915365
1470662359
1336516496
1334079508
1366289402
1376145711
1335176989
1347868243
1344630108
1486964049
1281168329
1351808868
1375851070
1344720125
1288020198
1285483088
1346172184
1382993027
1364692020
1277892343
1484347455
1410277341
1540887200
1377813327
1351700816
1335277890
1355817135
1366618204
1333810535
1357915700
1339671634
1343762685
1324791259
1325270637
1343004483
1339463372
1349503744
1378547164
1357016411
1330580824
1334064206
1337723799
1343396202
1467280307
1341059279
1276885403
1330160447
1327040120
1339553408
1294634345
1491401613
1338295847
1332603752
1326950405
1339423944
1329019687
1274740464
1512227759
1507441645
1474429872
1273715215
1491620609
1367671025
1335210643
1344065319
1368992082
1512937653
1462655372
1327815298
1328479672
1337403399
1487056302
1339808775
1346467094
1332378293
1271481343
1260394700
1336754888
1373155560
1266073925
1337557529
1358475735
1290638815
1336640447
1361202857
1360565913
1351274235
1346552296
1357333874
1250455646
1343160653
1285516749
1343685626
1338878485
1346060436
1348447125
1337069245
1349786701
1276031495
1344500834
1337207885
1491097182
1490748155
1354619496
1326282073
1483035001
1411095154
1438521806
1295965306
1327944963
1368359177
1344252578
1324781477
1343445166
1334721426
1332510075
1296219894
1329172153
1281897310
1465168557
1474113231
1467066440
1350398166
1362612294
1278702741
1353380825
1322827143
1335645010
1343375827
1330828472
1393355012
1460345464
1511652986
1296354886
1321104887
1335748443
1324204021
1326759074
1339307036
1334146394
1366094370
1481633385
1353521605
1340090553
1495307593
1374969338
1353205166
3786616203
1492946997
1321949253
1476923055
1457517406
1367636166
1362534788
1318963494
6640437067
1326399479
1351085280
1349452804
1373468217
1365984535
1259381381
[SUCCESS]
[1m[WARNING] We've detected that your software may be threading or using other multiprocessing techniques during template creation.  The number of threads detected was 8 and it should be 2.  Per the API document, implementations must run single-threaded.  In the test environment, there is no advantage to threading, because NIST will distribute workload across multiple blades and multiple processes.  We highly recommend that you fix this issue prior to submission.(B[m
Creating Enrollment Templates (Multiple Processes) 1699676002
1721526589
1892302831
1407477681
1649582620
1488788927
3435630976
1395996956
1374630028
1367400836
1582983921
1391037829
1465665395
1582427515
1786125952
1388092962
1364516002
1417539422
1565946235
1377282595
1350588864
1351201731
1397300918
1380373908
1460178498
1364973417
1363828435
1371907551
1413481880
1467708266
1403411509
1390731231
1465059804
1360595646
1428615786
1367369985
1458464314
1368075863
1400634595
1361633953
1373095932
1653784176
1390538472
1379298889
1380831976
1430577132
1437998198
1393051117
1431227029
1436401381
1555598290
1354394588
1302203452
1404375973
1441820350
1299133472
1384873832
1419319507
1447112908
1330559443
1384980646
1399523205
1425810539
1338472576
1362600215
1394013605
1394380491
1334571282
1288474794
1437272129
1401942517
1401763793
1310344992
1335761706
1438825071
1430540466
1395074200
1361231856
1430171680
1431765058
1385028625
1318291200
1428741079
1594203937
1385605121
1411477992
1453191463
1459752775
1336801718
1416655316
1428249760
1427051776
1541635871
1399311682
1425598254
1433391913
1439299085
1384248154
1422847101
1576384739
1610730449
1611462824
1437022869
1354570325
1400720661
1472747398
1425821092
1400412254
1364102572
1329577936
1424745643
1423039182
1376967423
1376971047
1459917829
1608957150
1361827095
1368988326
1439252809
1413271322
1365921847
1361369998
1388620014
1578797881
1369085806
1373554235
1426284946
1424340303
1382569256
1382396667
1394534244
1430486746
1393465387
1393283131
1396284615
1434327414
1379525853
1345797884
1393792783
1424811379
1378587475
1340688697
1400714099
1384657587
1441385338
1366459125
1435666650
1364488813
1333340587
1431838600
1429085001
1379085373
1338117088
1425379885
1425930874
1358861082
1334904873
1426358538
1429683829
1382561392
1347602755
1404069799
1432924649
1439459523
1437632036
1429387771
1425554385
1286281635
1359466363
1429784246
1414467233
1417397786
1418772358
1602870921
1437918550
1323608840
1391437167
1572423769
1427372984
1368734554
1369462993
1398197190
1439236046
1381838229
1552890373
1421111340
1398374318
1629871586
1388530289
1430395415
1392784180
1325464479
1433723967
1587544691
1399290496
1411848595
1444691793
1597519965
1386677012
1418324756
1447564400
1409083756
1381523115
1402750367
1435604895
1396545641
1364945421
1342072608
1441568984
1355210369
1579402154
1551481403
1429883704
1382281815
1353245628
1398657497
1431739426
1357591820
1352981240
1404238888
1427421507
1312346186
1432097534
1380710675
1425530036
1361326101
1408104813
1423387144
1444631890
1406713411
1369364250
1444444353
1385987447
1441308832
1355330796
1363741864
1560133730
1448870238
1383769419
1613371096
1389044296
1448957160
1386727521
1385750620
1621078271
1395907613
1480468321
1383772701
1626737096
1382900922
1464092229
1372815975
1401510911
1372401530
1661220676
1390090513
1377251892
1634527501
1673711297
1381430764
1338023968
1474926205
1430443311
1550006629
1378021962
1475994913
1675435857
1562215243
1528771689
1478999362
1451553454
1375088278
1370046264
1452476895
1376008305
1655378824
1376776199
1639688693
1373930062
1477295888
1385805362
1622845837
1431490936
1435535999
1451509257
1406598658
1435667737
1396894122
1405460563
1394560326
1621018355
1331726590
1446878386
1407972508
1359717233
1441844956
1362859512
1539335354
1352039733
1437076586
1364828380
1392268467
1359538969
1368332008
1431097140
1431418019
1407575353
1437990585
1462759372
1457547079
1448699401
1404825403
1554047001
1364276027
1448271602
1393952023
1366931006
1375220903
1397261354
1326374303
1623818321
1461871416
1400173797
1449448592
1745045746
1448679512
1410714883
1417965446
1550413395
1381583142
1391563606
1445638119
1404800912
1452695305
1389034716
1448249063
1550868491
1451312868
1426480752
1653144048
1404189975
1424391496
1393150092
1378730840
1405294774
1451214541
1378053241
1407151390
1377825222
1446626356
1393889792
1465114428
1547636782
1468729498
1381534963
1378602563
1378410090
1456043347
1379927199
1313006803
1640954576
1376889535
1462868588
1407011923
1411105062
1437707403
1414234614
1382587170
1451365800
1315007029
1411598168
1392108642
1454258324
1396731724
1440761417
1383744314
1453087621
1318703953
1446102645
1386570238
1444200710
1378199931
1500104078
1377850195
1453502799
1392487486
1506717146
1341969619
1446680484
1377689464
1448289702
1565054899
1383216627
1596392917
1453731385
1428859615
1444294052
1581032709
1399981519
1435609905
1442742392
1527475650
1382408232
1453047030
1368959621
1520032255
1379736568
1445572108
1454218892
1396721243
1387774625
1428186381
1458798671
1403398974
1461063863
1410515063
1620923762
1399165644
1600211170
1463509233
1630795528
1627324491
1481404322
1382724371
1463426809
1617661649
1468227424
1427037566
1470116098
1445160940
1432707729
1458041104
1356347974
1623238302
1427750603
1382865807
1468487044
1608223968
1576785391
1436424305
1450197518
1593129790
1691290886
1386606879
1454960093
1370816846
1437711910
1465242143
1413536864
1488291899
1486762859
1594746988
1393956334
1459099843
1441715769
1793688101
1388584490
1436454552
1433072117
1383818812
1391057122
1422975482
1525694462
1420100701
1389532986
1431302726
1604846919
1753741037
1378334574
1428427987
1462472259
1324798297
1376948698
1383154305
1463839735
1391396595
1365128694
1434389708
1441074403
1518838083
1375982628
1422240435
1558944516
1361510004
1331028901
1795554138
1397306579
1570628202
1606285269
1606651815
1438125864
1464733688
1598369498
1462324176
1437676137
1421722952
1619576132
1448822132
1438240207
1411756706
1450123631
1459435670
1455402099
1435647089
1441076922
1478849163
1400933109
1499645319
1397830593
1453641714
1600251288
1515180086
1453948368
1366255289
1442552119
1645689565
1432143332
1455639618
1400468975
1451542606
1450585737
1594886245
1466211250
1435112701
1459577290
1542703182
1451410174
1397940971
1453331442
1419560732
1463697978
1431631664
1523537563
1444867231
1371209827
1511318398
1622279109
1407212419
1592805147
1553134919
1646935801
1423180521
1380554910
1369041803
1447497476
1364067694
1430637837
1402265487
1473322102
1402680361
1481943050
1392232600
1368475254
1488012897
1452322631
1386271423
1453498613
1555841883
1384419449
1429003104
1446300427
1414697567
1440762271
1613856922
1431537808
1568600218
1429188850
1421034314
1429687221
1571276478
1584059315
1428050406
1451177262
1430422081
1427961369
1819087087
1600244790
1362397353
1427885878
1418047525
1432299627
1574115431
1390058658
1437579441
1451990101
1450059012
1410896180
1373764311
1596745640
1430387051
1425530621
1450743616
1453714845
1427321757
1576334645
1582071065
1445556381
1357118458
1427035566
1448650808
1395921499
1416412500
1606811868
1363265848
1392631056
1621235043
4213357665
1409252843
1405700720
1465178940
1443568496
1450367912
1596203814
1411905397
1416643816
1396712432
1445998884
1399199755
1457572568
1442265904
1526049729
1392745284
1408948828
1440148736
1532670439
1379527016
1417582537
1446593146
1392983072
1335732163
1415605507
1447541048
1389694016
1527273048
1449123875
1327746911
1444882136
1388277169
1458653849
1453633603
1384921044
1452055896
1441299116
1356279163
1443365425
1627910228
1337652051
1445016713
1458789255
1379203376
6906961831
1446906201
1448194415
1359511151
1448301887
1446654936
1356422248
1438126382
1387899696
1446832596
1406733819
1401017945
1283271665
[SUCCESS]
Creating Verification Templates (Multiple Processes) 1774370527
1803229636
1819117871
1811618999
1491876466
1498103919
1726511274
1488007686
1492641938
3237837306
1664280014
1467101394
1464797443
1487660596
1457539818
1429902018
1452568701
1453957424
1791830424
1453008810
1446707489
1435217749
1635605601
1386918797
1452833408
1373618873
1626286138
1462508523
1454847876
1382418735
1645930215
1382769971
1456836482
1426173677
1640084028
1472966424
1474275191
1417830102
1453933566
1413032898
1403628100
1804092197
1449317661
1415589106
1401819425
1664167605
1441207647
1452248255
1405638720
1435354277
1433586768
1448651919
1429461620
1445045635
1440812153
1453954798
1402025799
1413338446
1434739402
1452650769
1413259162
1626160691
1433637396
1438271299
1394885017
1388607580
1440059694
1452146665
1602771090
1393774634
1440970671
1443778823
1439382352
1366520890
1383810602
1449924222
1425211082
1390254087
1432843548
1400882794
1441040445
1616397138
1441910469
1443844197
1943949192
1343788897
1445748808
1448845983
1419047250
1402766250
1658831816
1472252171
1466752324
1448443183
1634956855
1446023993
1449246904
1431069141
1366999440
1429356347
1438529436
1592122739
1432588305
1428080225
1577734012
1589463907
1430875200
1424182607
1349868340
1389991708
1366669528
1443815930
1451519628
1427209826
1411355428
1430155219
1430568151
1425366607
1472097692
1442685302
1432593929
1444823593
1519006350
1407701439
1429548924
1429583569
1453825656
1393358690
1421983048
1424983550
1616353588
1403077971
1422666181
1425164482
1433682302
1441369874
1442534619
1394913758
1441050006
1397146712
1428465105
1440967400
1432107246
1397714226
1427653667
1408337403
1430052123
1464676734
1459532436
1409300691
1399923440
1432580749
1399693899
1432611691
1440801593
1435650520
1397157134
1448392588
1469345224
1477249601
1441694055
1433157445
1447259415
1446772065
1442482930
1410912037
1441437685
1432205471
1442551773
1427664153
1431664741
1431481521
1442496527
1394837856
1468071204
1452724610
1599098699
2300141815
1445718570
1455073761
1439098956
1426175931
1461601147
1453037404
1463607751
1425299754
1455802214
1459428225
1418625960
1423201120
1476040388
1467416792
1473323062
1427163653
1461464102
1468235901
1608994516
1422080171
1455140889
1646828959
1608479311
1436593598
1453870240
1446789606
1590773698
1386418919
1449536807
1458426859
1412769319
1401671672
1474222199
1656924468
1433188115
1411763204
1461262647
1451537656
1376188400
1414868281
1457308930
1368609084
1635275297
1417694635
1464437031
1438826347
1463136252
1387480432
1465593284
1417392808
1472304078
1360865314
1403346532
1397507947
1522270853
1413395541
1408277047
1411831098
1590840533
1764977486
1393689851
1384491141
1440612879
1560475567
1404624509
1401123947
1440219341
1446485062
1433324841
1613081254
1404732046
1447302839
1416799596
1416155606
1442255990
1441908938
1346651183
1435239172
1604881426
1458547453
1404231517
1428241765
1439043853
1434906979
1390934071
1389025664
1450333919
1311396269
1722433143
1399921272
1364232372
1361880099
1618565390
1581513842
1442853355
1425047548
1608310511
1583577401
1407608584
1355154355
1374103199
1563993265
1438228768
1379134774
1604342288
1397695100
1453535235
1412826396
1463408716
1388655182
1440433050
1376146711
1438374835
1392284992
1377055434
1438791411
1433658387
1388260692
1308178039
1363896301
1437527273
1553851148
1437278649
1525745451
1437600007
1565286457
1405741405
1531331800
1599194956
1392461694
1415859165
1302292978
1389161464
1623499951
1462346203
1536450339
1381617446
1438646254
1365960121
1522911415
1407954586
1462913625
1605842297
1339685506
1387252941
1376683398
1358347214
1459516732
1405629096
1604272647
1442341141
1545621288
1442043928
1367829144
1470946229
1590097240
1420853131
1436072182
1542495131
1441792598
1401701233
1451734462
1405829610
1604278044
1416978329
1362207030
1416702550
1587752997
1409586905
1435692266
1412652166
1452889339
1420701726
1370708179
1456706138
1442651365
1402077375
1407751641
1448900091
1437414351
1421559952
1353287234
1443277135
1427302658
1458407215
1421257739
1448708701
1579214241
1445723192
1422348711
1431937311
1455494881
1388951814
1441279728
1381856522
1410176137
1405589053
1408121875
1440147294
1434201572
1442342803
1425826730
1467574352
1429113773
1461894322
1425779678
1449478065
1425137181
1457935469
1421850960
1622700750
1422911888
1461349922
1420626585
1608711103
1392597361
1475276400
1404027554
1634057044
1340180013
1477309176
1371589630
1373660035
1612153996
1474595309
1364100511
1368291819
1405368386
1471835986
1376005080
1370910547
1476912180
1371719457
1475405155
1374732941
1459722275
1363145447
1437940691
1383022088
1483381927
1368219534
1476191195
1369914195
1370874019
1408456450
1434800664
1451798631
1545878890
1440526894
1411460490
1408886768
1345043508
1363304456
1411555844
1438111410
1360945460
1533886616
1396762500
1438928984
1442986402
1381384680
1393466540
1410008685
1439245447
1412183523
1409202297
1368709334
1412414878
1615024990
1415810146
1387072708
1424081066
1434623204
1639757437
1623208956
1396652077
1387623779
1439264066
1441344098
1354817502
1391906233
1437694035
1442638750
1381436546
1395777196
1600923541
1438797687
1330472233
1380085869
1633859827
1408188333
1363561274
1399167327
1350750134
1350360781
1580961258
1448974326
1420581913
1387474095
1425113772
1453759022
1414929195
1340439870
1455718783
1464946772
1369474381
1549065300
1613797373
1473020687
1364855299
1338033616
1475275983
1625213650
1386474619
1398470176
1452710200
1451510670
1370939526
1370938213
1486596875
1484190008
1370597569
1371021209
1438684855
1367898194
1471180115
1370874012
1396317307
1436525764
1465691406
1371991098
1365011569
1427582892
1428733544
1369086482
1295994936
1456038241
1449719082
1513432825
1510666578
1377665820
1466580030
1350158848
1523702159
1455755683
1374995463
1606494228
1373662598
1513885787
1461644908
1595183047
1419892020
1414991488
1457021962
1463340598
1404780243
1443261552
1443354080
1431010027
1391730801
1451655962
1424667733
1409775770
1443365030
1388834105
1586339715
1389242777
1436921954
1386622101
1366164692
1352302619
1438832409
1407517255
1439111069
1364181279
1384877217
1438729730
1449325624
1567502272
1409500995
1435432135
1412211268
1533096220
1418452224
1390598942
1609367250
1426461304
1388262939
1365499569
1611875299
1529194900
1414267391
1409192786
1405683609
1535538977
1394822506
1406495654
1438033212
1401483841
1397950037
1440163460
1461502669
1370933444
1427765991
1442751037
1445489774
1419062945
1432079550
1368996801
1431886964
1442034171
1399842562
1464923166
1453444728
1458756981
1445942770
1353794864
1421192088
1389938832
1463541843
1557371046
1415423652
1469871450
1461818629
1317532537
1515486963
1474065205
1454503657
1511618385
1370843937
1381850200
1335121863
1470488100
1370574660
1485799418
1340739764
1464660345
1511007381
1434150543
1400937245
1477285644
1397927653
1396978809
1387559159
1452400328
1312390586
1444737373
1374846579
1459760930
1428409846
1377661882
1457680865
1370863369
1513277631
3988428648
1449945162
1485694359
1377070754
1308741946
1471960575
1468681240
1371678397
1458467533
1774435072
1490884125
1378151458
1417733267
1450431642
1447640300
1421901727
1400478976
1573955176
1399558394
1557906392
1377327001
[SUCCESS]
Matching Templates (Multiple Processes) [SUCCESS]
Sanity checking validation output [SUCCESS]
Creating submission package [SUCCESS]

#################################################################################################################
A submission package has been generated named libfrvt_11_aigen_001.tar.gz.  

This archive must be properly encrypted and signed before transmission to NIST.
This must be done according to these instructions - https://www.nist.gov/sites/default/files/nist_encryption.pdf
using the LATEST FRVT Ongoing public key linked from -
https://www.nist.gov/itl/iad/image-group/products-and-services/encrypting-softwaredata-transmission-nist.

For example:
      gpg --default-key <ParticipantEmail> --output <filename>.gpg \\
      --encrypt --recipient frvt@nist.gov --sign \\
      libfrvt_11_<organization>_<three-digit submission sequence>.tar.gz

Send the encrypted file and your public key to NIST.  You can
      a) Email the files to frvt@nist.gov if your package is less than 20MB OR
      b) Provide a download link from a generic http webserver (NIST will NOT register or establish any kind of
         membership on the provided website) OR
      c) Mail a CD/DVD to NIST at the address provided in the participation agreement
##################################################################################################################

