Checking installation of required packages [SUCCESS]
Looking for core implementation library in /root/workspace/frvt-1.5/11/lib.[SUCCESS] Found core implementation library /root/workspace/frvt-1.5/11/lib/libfrvt_11_aigen_001.so.
Attempting to compile and link /root/workspace/frvt-1.5/11/lib/libfrvt_11_aigen_001.so against test harness.
Scanning dependencies of target validate11
[ 33%] Building CXX object src/testdriver/CMakeFiles/validate11.dir/root/workspace/frvt-1.5/common/src/util/util.cpp.o
[ 66%] Building CXX object src/testdriver/CMakeFiles/validate11.dir/validate11.cpp.o
[100%] Linking CXX executable ../../../bin/validate11
[100%] Built target validate11
[SUCCESS] Built executable in /root/workspace/frvt-1.5/11/bin.
------------------------------
 Running 1:1 validation
------------------------------
Checking for hard-coded config directory 3129507119
2716775149
2473495280
2470811229
2549837416
2545040088
2556677621
2534287728
2587259697
2546418981
[SUCCESS]
Creating Enrollment Templates (Single Process) 3104094740
2755567908
2473101391
2463266245
2446757821
2490916320
2518752641
2530850733
2476305840
2619000038
2571049371
2593292681
2585522919
2606993343
2597394602
2647967331
2595894129
2629916366
2613564481
2634305189
2584077323
2631990989
2601646110
2598882131
2634379466
2592778966
2588718575
2608356267
2586881160
2573720097
2577686740
2627164846
2637263258
2578189922
2587537651
2625857509
2615075011
2568864636
2578563538
2619272481
2609084575
2624420380
2581713342
2582260600
2631511212
2615901497
2638499033
2568426580
2603715244
2600558404
2588877277
2596435040
2608238336
2579661271
2603893369
2592926805
2580972586
2587919736
2581653969
2640507451
2660943220
2617099270
2626973327
2636369596
2643570558
2620890228
2625083556
2590836626
2588411369
2620946903
2607173075
2609422507
2623827467
2592692775
2637279385
2592904964
2591922623
2599761985
2639340483
2608578028
2606729845
2619387702
2648524336
2643885781
2620493313
2613766739
2680132601
2650692391
2621681255
2607537567
2673164043
2651714514
2643900487
2661335407
2667928405
2669307251
2637860345
2681684722
2649260440
2659218226
2664517847
2665288107
2587137533
2589368256
2633027075
2654270873
2660757295
2658190984
2654403963
2646938985
2642748549
2652494858
2680683608
2665693321
2656061052
2631307857
2702094787
2680704211
2658130427
2627813811
2710493515
2622089682
2637477993
2627041350
2666024309
2601071751
2594558161
2615268238
2610239750
2638239601
2631215603
2647614185
2614793158
2618169587
2651282788
2645545522
2641183993
2826192577
2869540877
2907294562
2784138555
2790177338
2744217745
2735959194
2737640000
2837497918
2793090520
2782989515
2795637625
2819008124
2783142937
2672033825
2626738047
2651245827
2632819286
2627472541
2614986456
2648037592
2625135485
2616887147
2621750164
2625826535
2683132922
2696436650
2950992420
2982332896
2536093425
2531739634
2511486975
2521812409
2553616719
2491825649
2503156887
2502602066
2547954846
2547122110
2534852644
2470190854
2520753266
2527852592
2514017747
2490118654
2502707555
2594327513
2594810713
2597129858
2523053173
2572688729
2596657604
2610428681
2582972754
2560860793
2548537046
2608379553
2595303386
2592950538
2587219091
2584553411
2524327791
2556521182
2556267015
2571067344
2608646999
2574152705
2583213772
2555846602
2575806689
2596135305
2583382400
2555734105
2595395886
2584693402
2589012021
2567747584
2555863903
2507314678
2556731440
2589764597
2567085179
2564933230
2572387349
2583592096
2556437249
2568727463
2606339502
2625732696
2603799344
2586190080
2552338226
2573745066
2605409164
2637955023
2571806612
2624961541
2639438881
2428480008
2442140476
2517852438
2489020371
2558963723
2577035599
2572613571
2578902867
2551101413
2514647194
2461954895
2448339948
2378244760
2488702632
2415081173
2473435796
2428096446
2422071515
2545601072
2502401096
2554815797
2572033976
2554985427
2622321829
2572856910
2540295590
2496086493
2508127188
2483970700
2512721136
2525034627
2462787721
2521310091
2505721941
2430341702
2548073608
2471558805
2527418819
2598231797
2550065021
2539554828
2580619935
2586010131
2605898379
2551107569
2530037701
2527832972
2504883164
2558056025
2475718368
2464037456
2588381051
2576479421
2585100916
2588618814
2638790345
2592372572
2626302421
2550201480
2589842594
2608103360
2668200314
2643248261
2592579672
2546924382
2623839986
2643612202
2624633507
2641952312
2668610416
2600354101
2588077054
2483742754
2516580631
2483625758
2495823587
2497106416
2489637703
2468365141
2489887031
2524496328
2492788752
2457709710
2463635836
2576915528
2525647192
2498143907
2493604010
2470251163
2556203111
2546259589
2579782314
2572438228
2595088303
2606750408
2693791876
2640178225
2584431664
2585823931
2585063745
2581927544
2604056572
2554671443
2614523142
2587764876
2623938456
2603319638
2517022519
2576838267
2626452563
2625496409
2641230550
2544549943
2651912587
2663743942
2666315410
2649697831
2687249662
2709263629
2579277316
2689211568
2670796429
2643476707
2646948422
2611802266
2664978537
2660831814
2637898759
2612594330
2698434786
2648600251
2636500621
2637049871
2558460454
2443475704
2403285256
2471877401
2462216535
2447754346
2479768703
2492729511
2453230725
2474336558
2356828818
2463281779
2451956332
2488881937
2488231168
2465933355
2575844415
2454310300
2450377382
2473632741
2457639524
2516780735
2463345025
2456739159
2458798503
2513587273
2535728963
2439157392
2487866784
2506977205
2494380850
2498263777
2416302670
2486632252
2447830344
2449542916
2464542211
2494636784
2482803378
2390330673
2466940507
2461663097
2466036826
2455397849
2448153560
2486560402
2511688577
2442390502
2514168623
2529827133
2469904044
2489386534
2496218060
2468993165
2521046195
2466134113
2480627716
2480877358
2498284775
2509197684
2510055322
2503982267
2462564299
2468387991
2478065527
2512629118
2476288064
2409061692
2492237316
2537197970
2520046140
2473342553
2571851207
2501234862
2482964812
2509559705
2510479533
2532258405
2450153355
2493147047
2468715614
2481316885
2458532909
2486827938
2524146471
2466011643
2436286505
2507261578
2470286995
2503785677
2442593028
2494596451
2533770867
2395877129
2407334138
2411160318
2517001160
2443570372
2363132858
2504627617
2499977204
2471347379
2486974053
2539956705
2478852803
2488990112
2447098318
2528385014
2593599208
2591306671
2618663408
2604758969
2518298223
2491106775
2486973188
2372846645
2542909899
2507570104
2517528009
2519138009
2496654480
2511476518
2539596571
2520469131
2547754219
2526902011
2562910070
2560079545
2504101932
2434776954
2485336137
2466577030
2489146008
2480088969
2482931116
2508801656
2518108865
2413023127
2468024449
2505120292
2400073778
2546561087
2570104980
2469528612
2538785002
2541000105
2568533971
2561172188
2507051623
2602090817
2586906834
2512804693
2496201293
2541867610
2464522386
2496772675
2563109003
2597785890
2540597840
2526709458
2482615115
2562884692
2479939952
2526275603
2532060561
2579651696
2511262979
2670311685
2606981386
2627778057
2586393283
2522277372
2491190215
2583266645
2500601896
2536327111
2521437026
2465818392
2350880490
2410102110
2496838323
2513766483
2537485820
2483824981
2534661479
2511490918
2488103868
2523531894
2501929345
2574577333
2564820713
2507865383
2654415543
2622289948
2495943270
2544672193
2557475710
2531498728
2541644610
2532858633
2575818103
2631337695
2570180986
2679749865
2678714632
2659336650
2602126579
2597599316
2472536712
2531125826
2660573161
2603465402
2646920903
2645337055
2739465798
2556798652
2704566807
2707071062
2765275105
2628135408
2699869332
2683642153
2549852579
2672303278
2599260510
2683681017
2632554209
2679301970
2626112168
2612021639
2568546421
2672559909
2653148341
2478986504
2665710074
2706762333
2692720045
2676069610
2715961529
2566684256
2705677820
2600607338
2660142398
2545112793
2614536828
2617332522
2575027708
2574716910
2571320997
2591818642
2605329849
2583397611
2612987780
2597574330
2587028811
2570170890
2684942004
2533298116
2719205167
2716975102
2611348080
2602921068
2543085521
2557610030
2598059684
2564681051
2421834790
2589919867
2550631592
2518271429
2515234545
2560213797
2520187417
2386491861
2546130714
2549690045
2527894068
2566010331
2546231802
2646809374
2743551250
2592434001
2733474426
2757940195
2747091186
2699015843
2693970856
2637510821
2729193673
2536720332
2596160311
2455766799
2491728497
2659992861
2725080830
[SUCCESS]
[1m[WARNING] We've detected that your software may be threading or using other multiprocessing techniques during template creation.  The number of threads detected was 8 and it should be 2.  Per the API document, implementations must run single-threaded.  In the test environment, there is no advantage to threading, because NIST will distribute workload across multiple blades and multiple processes.  We highly recommend that you fix this issue prior to submission.(B[m
Creating Enrollment Templates (Multiple Processes) 3210694639
3241122671
3228297817
3236292138
2838226937
2841575086
2851730813
3042089343
2643581010
2682227043
2659794557
3276822154
2620454333
2650485556
2653424135
2713502729
2618824868
2650999357
2655065488
2631291922
2575282475
2609416938
2606877331
2560545745
2623540016
2666542927
2667591670
2512256420
2653879378
2654544358
2667879029
2542199381
2658128320
2710376997
2710042753
2500208086
2679273311
2674480215
2682631286
2527277782
2594333671
2640534966
2633601372
2552619514
2578529063
2606418451
2606233355
2568295332
2584910126
2542089608
2610619636
2632510641
2578903542
2580650408
2628906055
2629144582
2632511949
2561253884
2658607961
2652484947
2646131492
2515703922
2671425950
2689827662
2646693416
2542286723
2662762243
2656390979
2517864364
2612263056
2642786841
2671854985
2541256367
2646394857
2666454460
2680401020
2522816015
2629500404
2639906707
2662681234
2521252622
2602447526
2633384437
2639902333
2510094134
2604677688
2596255399
2649421168
2556273183
2636593143
2643859307
2654617114
2593376364
2599649410
2634108283
2649772635
2528089201
2607753945
2620223340
2634651388
2513026342
2622464032
2621226666
2659575337
2531469338
2664881737
2675179817
2670927143
2545232803
2627655041
2631430868
2669774317
2517695489
2620622780
2649300851
2656034630
2527913476
2622160589
2643524601
2646337174
2558922834
2596434791
2605741778
2628156434
2539570358
2600598096
2604566020
2602666659
2563453833
2599500441
2597451287
2640732126
2593732818
2640535335
2634231284
2630240645
2696218116
2608991650
2585139769
2610275176
2646360642
2603405626
2616052688
2644776211
2654184110
2607002503
2606076354
2611013229
2689255398
2668050347
2693012721
2733123029
2496836463
2689239553
2734092423
2500021210
2758940011
2661848061
2704740569
2512873074
2730047390
2739743529
2724195514
2517944807
2734966158
2696583389
2473805346
2670889392
2660351161
2629850786
2513315901
2634730923
2664822621
2632405396
2524819725
2621520698
2637833409
2584152124
2535133433
2565955886
2591008496
2578796367
2548640248
2559228530
2575719525
2549378617
2568271554
2551947746
2580072238
2541607606
2581887700
2553375869
2578568764
2605631991
2555333883
2688693297
2750533287
2681952273
2530809178
2670615248
2705195227
2662925491
2541273745
2683961375
2642234655
2552354554
2631356143
2586760364
2592159120
2548839199
2613232408
2579551608
2629631097
2545705137
2593780077
2595184897
2600429087
2538694230
2629420293
2641323167
2672103097
2493576072
2626139037
2621510613
2618889542
2521844162
2653069885
2652742765
2687054088
2537857592
2721080410
2775494923
2774893453
2559248999
2808730346
2796608912
2783384310
2567979606
2748336242
2749192828
2573030830
2767633966
2804834185
2785414455
2556623555
2808871031
2764117320
2731700465
2581914649
2677131377
2642314507
2673980753
2575908321
2697380480
2753126772
2734252449
2599562455
2778408091
2738762135
2608446060
2698705910
2712615836
2747172710
2569349063
2715920272
2720760168
2693856734
2595515692
2679612066
2703772187
2730295299
2565597598
2733620564
2725242538
2712163171
2563419263
2680063614
2647428771
2570584468
2696362119
2702654168
2706608877
2592254204
2669945240
2646558246
2638234678
2510840861
2613096627
2627960698
2583910653
2528376434
2646029747
2647076868
2676670000
2490547079
2652735011
2651598431
2657366286
2516351819
2692752034
2753814659
2847675927
2538785957
2814239922
2823927112
2574387647
2790347282
2804972170
2829198894
2614018898
2823535611
2826305417
2813448280
2574792693
2837824550
2768614781
2790114564
2585575336
2765041150
2734969393
2785659224
2592262893
2803388441
2720528829
2607837070
2705490390
2729599196
2756148485
2551649067
2777378298
2776848277
2726963652
2588815686
2700468480
2670326133
2677349629
2621677190
2663072760
2689994287
2647470679
2580091237
2635092358
2656687374
2663486931
2570441813
2669272829
2700814067
2685919758
2602278624
2680859913
2692129924
2575920646
2700543648
2729281496
2817580600
2539144444
2834576846
2838913464
2792002175
2564543726
2753004432
2687730081
2603346815
2614685187
2667247275
2655370272
2637362356
2575099199
2586804757
2561162696
2578920950
2558901764
2541494362
2557059536
2592690278
2557623422
2597942525
2593855438
2595905290
2495790793
2591124327
2592071301
2619554319
2496761602
2588231729
2605512972
2485792813
2617345216
2612899095
2613410098
2494090775
2639492005
2602810187
2587130127
2503625082
2611804434
2586105296
2579095637
2499249628
2603527023
2602762625
2595719292
2536767602
2592229066
2566606249
2590024406
2500194465
2614510822
2606771275
2579002996
2521673478
2586174695
2560420658
2571301204
2526439147
2549555104
2577565769
2553847846
2541659699
2601482038
2566331976
2576365945
2533281505
2576369606
2574105047
2550070809
2566826380
2574530850
2549325233
2560638040
2533356908
2572643187
2553761746
2546149249
2507373466
2554527007
2568674869
2546661554
2535735586
2597747579
2538898475
2543685203
2559795940
2557606169
2546871903
2548981201
2572996768
2566631683
2547156749
2552976294
2562929217
2559070525
2569180303
2587461176
2541269226
2619951603
2576981339
2559945975
2527861540
2591537125
2574800533
2563866368
2572906258
2557131682
2559399388
2547556259
2574312155
2604155825
2632434541
2716633852
2548771233
2799704243
2811036022
2531344337
2834137309
2878037604
2849163032
2522141609
2849038966
2789276823
2733353954
2464080691
2677483403
2639120250
2528843767
2639008260
2626944921
2605838352
2510699980
2595930001
2588191498
2618493368
2457176615
2615797424
2627106719
2632940588
2506539654
2626987805
2626918010
2509548111
2644673201
2621247857
2592732578
2512084516
2610657627
2603798722
2597964381
2496464963
2619261293
2610129716
2608544172
2500298010
2618614859
2591312415
2602227945
2556613647
2573964096
2572072479
2551874203
2585226900
2569553405
2555232775
2533716527
2574609297
2550577786
2553359861
2556096460
2590113526
2580096208
2564482076
2563250585
2574665521
2509417914
2557317928
2552549291
2574779481
2555814977
2543029380
2509791580
2558920469
2560924591
2547246255
2551797858
2577384514
2587395990
2576097833
2592287638
2494935403
2638144942
2616197304
2606580439
2493042564
2623853778
2611851362
2600526107
2509403194
2614113855
2589128679
2610755097
2453293632
2618581814
2636598345
2639017150
2514312748
2588319760
2595029519
2599846633
2520159805
2625745811
2609642590
2604027806
2514206791
2606753395
2610337705
2593889570
2510750157
2638681655
2609745185
2606783395
2526364133
2613997976
2607983435
2604660911
2487779571
2630566222
2615044671
2623628734
2525151029
2629137728
2609740557
2645553127
2528125468
2643482613
2637148988
2520028164
2631892087
2622128805
2606756822
2546205934
2549179588
2618717805
2604775089
2509288450
2604641031
2606233703
2628386197
2506620275
2626122394
2665437850
2594770288
2536320032
2600736882
2635234730
2637308773
2535753604
2615413033
2656537445
2511856877
2622857218
2559062094
2639075246
2533079727
2637105226
2620828059
2528480361
2650670357
2623016473
2611103610
2503350146
2630010210
2599590024
2625562133
2513659588
2617714418
2613580227
2553345282
2485885526
2655497264
2647985928
2661305192
2571849878
2642561330
2576773523
2590291877
2541033839
2602641080
2613169400
2589098277
2548573097
2603582554
2541851101
2599380658
2618882458
2591267123
2585070290
2558050689
2581967568
2574523124
2605129908
2570365101
2575717283
2581007004
2548827470
[SUCCESS]
Creating Verification Templates (Multiple Processes) 3189422382
3178727405
3169422204
3183301014
2795918124
2796180387
2825572206
3259895349
2549005607
2624632745
2632311780
2781340268
2613831795
2629494116
2644131468
2545377639
2566232896
2612201782
2595411242
2554218044
2560109878
2608208011
2619017493
2573800041
2580033648
2605761405
2615400007
2509408983
2608842355
2667385636
2664437919
2523716447
2580489633
2624277486
2645076234
2521956493
2628812653
2512074978
2651984385
2664903006
2629637572
2510451030
2646931392
2682529564
2644284628
2576643856
2664559937
2654178210
2654002349
2599416484
2719442052
2705518352
2583498487
2633966859
2671293020
2691482936
2550855317
2649946394
2690166416
2709520411
2577516798
2779805357
2839345094
2815339847
2546357090
2764871513
2808311139
2804594123
2565868248
2783281422
2826516402
2825469456
2558308275
2805301757
2890668390
2874878607
2550587780
2812680168
2866574930
2841732711
2520043408
2785457691
2826360498
2837246792
2523565578
2811033478
2532917368
2863249989
2885129475
2858966950
2548331302
2839022588
2851927726
2683983112
2566029636
2765905745
2744960089
2734606490
2541156434
2705638639
2716569642
2542964877
2692925959
2719488734
2725642324
2591452320
2675595877
2698582952
2688284913
2625989888
2676890467
2719486204
2739341533
2587157336
2681399126
2690135300
2709835407
2596470919
2738725888
2834838485
2872932579
2583176197
2834027329
2826168526
2839945306
2570456334
2690628023
2698287136
2719232586
2569408926
2648059726
2707361752
2703679852
2574420998
2651084320
2655490441
2690569310
2618732051
2634587215
2644882040
2657310850
2593412114
2623252872
2670861519
2693496559
2573276253
2618746998
2683008503
2574775361
2710673541
2690452446
2713110535
2610098839
2758253815
2680957851
2578573272
2684815908
2710259521
2616540336
2624482665
2658256743
3255950018
2653609670
2598348019
2680873781
2625063983
3228130229
2627774338
2649864750
2619686947
2649972393
2609698077
2641736907
2628167897
2624021402
2588412307
2648049948
2638413792
2667744597
2635481362
2614401672
2592173909
2646682457
2608574767
2615030260
2590910481
2609545559
2609933835
2643626511
2618125889
2664701311
2649345265
2683853458
2663540566
2602259381
2569754032
2668686093
2633050497
2652177778
2629245493
2666845530
2642956660
2640719200
2611347336
2672234395
2626547685
2597888196
2586215338
2696324507
2665068227
2653610356
2621955600
2601304103
2620021364
2593164030
2585321831
2663036834
2629748362
2587636241
2604154685
2712845064
2662093987
2609596350
2628311448
2639082681
2590398803
2660812743
2659442990
2607275619
2580262569
2731136206
2726822112
2619539782
2576193954
2710178798
2707340098
2645762297
2592885254
2680549664
2612821889
2663997178
2610615966
2593325711
2617202933
2639029569
2609109324
2665085450
2665345945
2674450499
2631833071
2716246760
2686562133
2664869959
2659582408
2755099361
2755179618
2653433573
2567370810
2662444904
2658160229
2629439157
2580365400
2651093719
2652537007
2651836214
2589620911
2705229119
2659158218
2668951684
2651509119
2632902713
2656487151
2696521584
2603169404
2641241185
2616483247
2671600274
2613271603
2678024391
2607734145
2692417728
2623287092
2699402050
2678318881
2799759554
2741715001
2612136358
2588548646
2813878280
2748264688
2613630329
2624147156
2701658816
2772334158
2627540334
2611338971
2697476583
2767495639
2626673117
2626639890
2681686387
2729070782
2636622626
2598810333
2621793715
2684961047
2629428697
2604643891
2636880933
2701674842
2630869274
2637255048
2651636659
2728257263
2644567470
2653728893
2594938620
2641413415
2678812590
2631238870
2608065513
2673957033
2636862874
2646006854
2607144829
2670497413
2668577151
2679998023
2611831868
2669521284
2691011614
2643701292
2579706491
2659897024
2669295766
2660701342
2598407649
2619992056
2729133464
2755706991
2567140303
2643202672
2753843507
2739220540
2579360863
2636849863
2809916265
2759056178
2566564475
2635740335
2694472769
2682005691
2554298917
2625029151
2714383336
2700812050
2573057901
2658603789
2673312145
2579143078
2626972347
2668475822
2667131791
2619708284
2586181937
2689266726
2720862779
2620161965
2664451621
2744518241
2663592390
2584101320
2649007272
2742605856
2573128732
2646897671
2678841667
2721877517
2565935093
2617525753
2644508311
2709175520
2607945202
2623229452
2648053571
2655667863
2561512942
2543973563
2581260689
2682100621
2609054438
2606355390
2605484171
2659395824
2533457413
2540052560
2579886222
2668405280
2523027829
2551901699
2577562387
2629960963
2510472939
2525513334
2588544685
2570270674
2654846078
2556422992
2565081584
2582239211
2679692484
2579466197
2653259822
2584576685
2584903575
2665540519
2646201112
2558950015
2597704605
2710516566
2648012587
2581209382
2581329925
2728198873
2705935176
2519202589
2605784171
2735461787
2698515658
2591101328
2596888886
2702779436
2698999402
2619405851
2613800151
2725691858
2657490865
2614840344
2643334564
2645326173
2612646811
2615355035
2629952165
2664096024
2616324085
2631450676
2627250822
2641734446
2597108586
2628261418
2597384646
2665556698
2667833532
2555946796
2503632006
2647413851
2602408813
2543023241
2575815927
2672406532
2642210300
2485564851
2546129355
2695246281
2650107445
2572013163
2595287037
2682761148
2660534737
2545972366
2556037232
2687086682
2652357444
2545926635
2552235675
2680937721
2626370929
2532461515
2510216172
2658679254
2615815839
2547238222
2557554906
2596925528
2621583610
2568471618
2491098190
2689897354
2637938886
2582804160
2591430603
2619246710
2598524973
2605955667
2607845694
2652808408
2712361066
2612345447
2640285600
2619186587
2650652724
2608789280
2627370398
2590703773
2662664894
2654794804
2661138665
2604288874
2661713915
2652689223
2659303308
2622114674
2644892335
2661159203
2680039646
2618009539
2630712713
2664367671
2659858706
2600301849
2649386308
2638060368
2680148124
2586683018
2664026928
2652137939
2657714220
2590265034
2611193361
2653006688
2664158370
2561851201
2638722390
2627890214
2660043522
2575826446
2598096590
2648456330
2636478102
2587405875
2618400738
2645855300
2661040284
2592713322
2649554548
2663643981
2662392695
2577949502
2624770601
2619053810
2638608251
2613078974
2636633468
2636558044
2664067708
2601701991
2642937538
2666282896
2615858194
2609976951
2634457080
2621296949
2600231635
2563022777
2618357436
2582456909
2593970750
2577340014
2631672330
2604122479
2586624580
2586832152
2654744325
2544482308
2619890570
2591694915
2655898929
2613915462
2590686438
2594950067
2669474099
2622276455
2652619563
2634019944
2659892642
2650441345
2648580841
2639856315
2718596668
2661289163
2661744766
2636008554
2668396949
2630133692
2627123017
2622171279
2560687158
2704129846
2618986103
2657389629
2647757358
2695339508
2652229549
2670302847
2606993984
2679394125
2615592307
2584756406
2647672822
2616023446
2668401038
2667563107
2620372248
2682489649
2627722172
2634850969
2570370124
2729431369
2632760022
2654911648
2569817166
2629084888
2592833285
2597004589
2593302495
2654154078
2643298559
2687590761
2599792871
2729327367
2680639465
2666753909
2601383972
2703849094
2635191898
2611860943
2636759835
2656690605
2684041708
2625652152
2623924720
2681893367
2634578774
2617874041
2589671496
2636955191
2634947066
2595732906
2625798635
2668527433
2546863218
2634903086
2617257103
[SUCCESS]
Matching Templates (Multiple Processes) [SUCCESS]
Sanity checking validation output [SUCCESS]
Creating submission package [SUCCESS]

#################################################################################################################
A submission package has been generated named libfrvt_11_aigen_001.tar.gz.  

This archive must be properly encrypted and signed before transmission to NIST.
This must be done according to these instructions - https://www.nist.gov/sites/default/files/nist_encryption.pdf
using the LATEST FRVT Ongoing public key linked from -
https://www.nist.gov/itl/iad/image-group/products-and-services/encrypting-softwaredata-transmission-nist.

For example:
      gpg --default-key <ParticipantEmail> --output <filename>.gpg \\
      --encrypt --recipient frvt@nist.gov --sign \\
      libfrvt_11_<organization>_<three-digit submission sequence>.tar.gz

Send the encrypted file and your public key to NIST.  You can
      a) Email the files to frvt@nist.gov if your package is less than 20MB OR
      b) Provide a download link from a generic http webserver (NIST will NOT register or establish any kind of
         membership on the provided website) OR
      c) Mail a CD/DVD to NIST at the address provided in the participation agreement
##################################################################################################################

